{"numFailedTestSuites":0,"numFailedTests":0,"numPassedTestSuites":16,"numPassedTests":49,"numPendingTestSuites":0,"numPendingTests":0,"numRuntimeErrorTestSuites":0,"numTodoTests":0,"numTotalTestSuites":16,"numTotalTests":49,"openHandles":[],"snapshot":{"added":0,"didUpdate":false,"failure":false,"filesAdded":0,"filesRemoved":0,"filesRemovedList":[],"filesUnmatched":0,"filesUpdated":0,"matched":0,"total":0,"unchecked":0,"uncheckedKeysByFile":[],"unmatched":0,"updated":0},"startTime":1776459900839,"success":true,"testResults":[{"assertionResults":[{"ancestorTitles":[],"duration":23,"failureDetails":[],"failureMessages":[],"fullName":"jest is wired correctly","invocations":1,"location":{"column":39,"line":1},"numPassingAsserts":1,"retryReasons":[],"status":"passed","title":"jest is wired correctly"}],"endTime":1776459907422,"message":"","name":"C:\\Users\\Lacey\\Desktop\\Planner\\planner-prototype\\testing\\unit\\smoke.test.ts","startTime":1776459904268,"status":"passed","summary":""},{"assertionResults":[{"ancestorTitles":["theme utilities"],"duration":21,"failureDetails":[],"failureMessages":[],"fullName":"theme utilities resolves explicit dark and light preferences","invocations":1,"location":{"column":3,"line":8},"numPassingAsserts":2,"retryReasons":[],"status":"passed","title":"resolves explicit dark and light preferences"},{"ancestorTitles":["theme utilities"],"duration":3,"failureDetails":[],"failureMessages":[],"fullName":"theme utilities resolves auto preference from system scheme","invocations":1,"location":{"column":3,"line":13},"numPassingAsserts":4,"retryReasons":[],"status":"passed","title":"resolves auto preference from system scheme"},{"ancestorTitles":["theme utilities"],"duration":2,"failureDetails":[],"failureMessages":[],"fullName":"theme utilities exposes expected app palette keys","invocations":1,"location":{"column":3,"line":20},"numPassingAsserts":3,"retryReasons":[],"status":"passed","title":"exposes expected app palette keys"}],"endTime":1776459907531,"message":"","name":"C:\\Users\\Lacey\\Desktop\\Planner\\planner-prototype\\testing\\unit\\theme.test.ts","startTime":1776459904361,"status":"passed","summary":""},{"assertionResults":[{"ancestorTitles":["Notifications helpers"],"duration":181,"failureDetails":[],"failureMessages":[],"fullName":"Notifications helpers requests permission and configures Android channels","invocations":1,"location":{"column":3,"line":41},"numPassingAsserts":3,"retryReasons":[],"status":"passed","title":"requests permission and configures Android channels"},{"ancestorTitles":["Notifications helpers"],"duration":19,"failureDetails":[],"failureMessages":[],"fullName":"Notifications helpers schedules timed and weekly notifications with expected trigger payloads","invocations":1,"location":{"column":3,"line":52},"numPassingAsserts":4,"retryReasons":[],"status":"passed","title":"schedules timed and weekly notifications with expected trigger payloads"},{"ancestorTitles":["Notifications helpers"],"duration":11,"failureDetails":[],"failureMessages":[],"fullName":"Notifications helpers cancels one or all notifications","invocations":1,"location":{"column":3,"line":83},"numPassingAsserts":2,"retryReasons":[],"status":"passed","title":"cancels one or all notifications"}],"endTime":1776459907626,"message":"","name":"C:\\Users\\Lacey\\Desktop\\Planner\\planner-prototype\\testing\\unit\\notifications-lib.test.ts","startTime":1776459904201,"status":"passed","summary":""},{"assertionResults":[{"ancestorTitles":["toLocalDateString"],"duration":29,"failureDetails":[],"failureMessages":[],"fullName":"toLocalDateString formats single digit month/day with padding","invocations":1,"location":{"column":3,"line":4},"numPassingAsserts":1,"retryReasons":[],"status":"passed","title":"formats single digit month/day with padding"},{"ancestorTitles":["toLocalDateString"],"duration":1,"failureDetails":[],"failureMessages":[],"fullName":"toLocalDateString formats double digit month/day correctly","invocations":1,"location":{"column":3,"line":9},"numPassingAsserts":1,"retryReasons":[],"status":"passed","title":"formats double digit month/day correctly"}],"endTime":1776459907735,"message":"","name":"C:\\Users\\Lacey\\Desktop\\Planner\\planner-prototype\\testing\\unit\\types.test.ts","startTime":1776459904622,"status":"passed","summary":""},{"assertionResults":[{"ancestorTitles":["confirm"],"duration":150,"failureDetails":[],"failureMessages":[],"fullName":"confirm resolves true when user confirms","invocations":1,"location":{"column":3,"line":9},"numPassingAsserts":1,"retryReasons":[],"status":"passed","title":"resolves true when user confirms"},{"ancestorTitles":["confirm"],"duration":2,"failureDetails":[],"failureMessages":[],"fullName":"confirm resolves false when user cancels","invocations":1,"location":{"column":3,"line":19},"numPassingAsserts":1,"retryReasons":[],"status":"passed","title":"resolves false when user cancels"}],"endTime":1776459907811,"message":"","name":"C:\\Users\\Lacey\\Desktop\\Planner\\planner-prototype\\testing\\unit\\confirmation.test.ts","startTime":1776459904623,"status":"passed","summary":""},{"assertionResults":[{"ancestorTitles":["task color helpers"],"duration":3,"failureDetails":[],"failureMessages":[],"fullName":"task color helpers returns default task colors when color blind mode is off","invocations":1,"location":{"column":3,"line":13},"numPassingAsserts":2,"retryReasons":[],"status":"passed","title":"returns default task colors when color blind mode is off"},{"ancestorTitles":["task color helpers"],"duration":2,"failureDetails":[],"failureMessages":[],"fullName":"task color helpers returns color blind task colors when color blind mode is on","invocations":1,"location":{"column":3,"line":18},"numPassingAsserts":2,"retryReasons":[],"status":"passed","title":"returns color blind task colors when color blind mode is on"},{"ancestorTitles":["task color helpers"],"duration":2,"failureDetails":[],"failureMessages":[],"fullName":"task color helpers returns enhanced colors for task creation flow","invocations":1,"location":{"column":3,"line":25},"numPassingAsserts":2,"retryReasons":[],"status":"passed","title":"returns enhanced colors for task creation flow"},{"ancestorTitles":["task color helpers"],"duration":2,"failureDetails":[],"failureMessages":[],"fullName":"task color helpers returns filter colors for both palettes","invocations":1,"location":{"column":3,"line":32},"numPassingAsserts":2,"retryReasons":[],"status":"passed","title":"returns filter colors for both palettes"}],"endTime":1776459908128,"message":"","name":"C:\\Users\\Lacey\\Desktop\\Planner\\planner-prototype\\testing\\unit\\task-colors.test.ts","startTime":1776459907548,"status":"passed","summary":""},{"assertionResults":[{"ancestorTitles":["native use-color-scheme hook"],"duration":2349,"failureDetails":[],"failureMessages":[],"fullName":"native use-color-scheme hook re-exports react-native useColorScheme","invocations":1,"location":{"column":3,"line":11},"numPassingAsserts":1,"retryReasons":[],"status":"passed","title":"re-exports react-native useColorScheme"}],"endTime":1776459910324,"message":"","name":"C:\\Users\\Lacey\\Desktop\\Planner\\planner-prototype\\testing\\unit\\native-color-scheme.test.tsx","startTime":1776459904341,"status":"passed","summary":""},{"assertionResults":[{"ancestorTitles":["useSafeBack"],"duration":2362,"failureDetails":[],"failureMessages":[],"fullName":"useSafeBack goes back when navigation stack has a previous route","invocations":1,"location":{"column":3,"line":32},"numPassingAsserts":2,"retryReasons":[],"status":"passed","title":"goes back when navigation stack has a previous route"},{"ancestorTitles":["useSafeBack"],"duration":8,"failureDetails":[],"failureMessages":[],"fullName":"useSafeBack replaces with root route when there is no previous route","invocations":1,"location":{"column":3,"line":44},"numPassingAsserts":2,"retryReasons":[],"status":"passed","title":"replaces with root route when there is no previous route"}],"endTime":1776459910331,"message":"","name":"C:\\Users\\Lacey\\Desktop\\Planner\\planner-prototype\\testing\\unit\\use-safe-back.test.tsx","startTime":1776459904183,"status":"passed","summary":""},{"assertionResults":[{"ancestorTitles":["DotLoader"],"duration":2265,"failureDetails":[],"failureMessages":[],"fullName":"DotLoader cycles dot count over time","invocations":1,"location":{"column":3,"line":6},"numPassingAsserts":4,"retryReasons":[],"status":"passed","title":"cycles dot count over time"}],"endTime":1776459910394,"message":"","name":"C:\\Users\\Lacey\\Desktop\\Planner\\planner-prototype\\testing\\unit\\dot-loader.test.tsx","startTime":1776459904515,"status":"passed","summary":""},{"assertionResults":[{"ancestorTitles":["TitleInput integration"],"duration":1944,"failureDetails":[],"failureMessages":[],"fullName":"TitleInput integration renders label and forwards text changes","invocations":1,"location":{"column":3,"line":10},"numPassingAsserts":2,"retryReasons":[],"status":"passed","title":"renders label and forwards text changes"},{"ancestorTitles":["TitleInput integration"],"duration":13,"failureDetails":[],"failureMessages":[],"fullName":"TitleInput integration supports a custom placeholder","invocations":1,"location":{"column":3,"line":22},"numPassingAsserts":1,"retryReasons":[],"status":"passed","title":"supports a custom placeholder"}],"endTime":1776459910421,"message":"","name":"C:\\Users\\Lacey\\Desktop\\Planner\\planner-prototype\\testing\\integration\\title-input.integration.test.tsx","startTime":1776459904428,"status":"passed","summary":""},{"assertionResults":[{"ancestorTitles":["app route screens"],"duration":2305,"failureDetails":[],"failureMessages":[],"fullName":"app route screens index route wires dashboard actions and navigation","invocations":1,"location":{"column":3,"line":149},"numPassingAsserts":5,"retryReasons":[],"status":"passed","title":"index route wires dashboard actions and navigation"},{"ancestorTitles":["app route screens"],"duration":20,"failureDetails":[],"failureMessages":[],"fullName":"app route screens calendar route passes safe back and settings navigation","invocations":1,"location":{"column":3,"line":166},"numPassingAsserts":2,"retryReasons":[],"status":"passed","title":"calendar route passes safe back and settings navigation"},{"ancestorTitles":["app route screens"],"duration":33,"failureDetails":[],"failureMessages":[],"fullName":"app route screens settings route passes state and handlers","invocations":1,"location":{"column":3,"line":177},"numPassingAsserts":3,"retryReasons":[],"status":"passed","title":"settings route passes state and handlers"},{"ancestorTitles":["app route screens"],"duration":38,"failureDetails":[],"failureMessages":[],"fullName":"app route screens one thing mode route passes state and handlers","invocations":1,"location":{"column":3,"line":187},"numPassingAsserts":3,"retryReasons":[],"status":"passed","title":"one thing mode route passes state and handlers"},{"ancestorTitles":["app route screens"],"duration":26,"failureDetails":[],"failureMessages":[],"fullName":"app route screens layout renders stack, status bar, and confetti overlay","invocations":1,"location":{"column":3,"line":197},"numPassingAsserts":6,"retryReasons":[],"status":"passed","title":"layout renders stack, status bar, and confetti overlay"}],"endTime":1776459910572,"message":"","name":"C:\\Users\\Lacey\\Desktop\\Planner\\planner-prototype\\testing\\integration\\app-routes.integration.test.tsx","startTime":1776459904523,"status":"passed","summary":""},{"assertionResults":[{"ancestorTitles":["hooks and lib utilities"],"duration":2373,"failureDetails":[],"failureMessages":[],"fullName":"hooks and lib utilities useAppTheme resolves theme and colors from app settings","invocations":1,"location":{"column":3,"line":42},"numPassingAsserts":1,"retryReasons":[],"status":"passed","title":"useAppTheme resolves theme and colors from app settings"},{"ancestorTitles":["hooks and lib utilities"],"duration":20,"failureDetails":[],"failureMessages":[],"fullName":"hooks and lib utilities useThemeColor prefers explicit prop color over palette color","invocations":1,"location":{"column":3,"line":58},"numPassingAsserts":1,"retryReasons":[],"status":"passed","title":"useThemeColor prefers explicit prop color over palette color"},{"ancestorTitles":["hooks and lib utilities"],"duration":36,"failureDetails":[],"failureMessages":[],"fullName":"hooks and lib utilities web useColorScheme resolves to system scheme after hydration","invocations":1,"location":{"column":3,"line":71},"numPassingAsserts":1,"retryReasons":[],"status":"passed","title":"web useColorScheme resolves to system scheme after hydration"},{"ancestorTitles":["hooks and lib utilities"],"duration":184,"failureDetails":[],"failureMessages":[],"fullName":"hooks and lib utilities supabase client is created from env vars","invocations":1,"location":{"column":3,"line":84},"numPassingAsserts":1,"retryReasons":[],"status":"passed","title":"supabase client is created from env vars"}],"endTime":1776459910586,"message":"","name":"C:\\Users\\Lacey\\Desktop\\Planner\\planner-prototype\\testing\\unit\\hooks-and-lib.test.tsx","startTime":1776459904196,"status":"passed","summary":""},{"assertionResults":[{"ancestorTitles":["auth screens"],"duration":2102,"failureDetails":[],"failureMessages":[],"fullName":"auth screens login signs in and routes to root","invocations":1,"location":{"column":3,"line":94},"numPassingAsserts":2,"retryReasons":[],"status":"passed","title":"login signs in and routes to root"},{"ancestorTitles":["auth screens"],"duration":77,"failureDetails":[],"failureMessages":[],"fullName":"auth screens login reset-password modal submits recovery email","invocations":1,"location":{"column":3,"line":113},"numPassingAsserts":2,"retryReasons":[],"status":"passed","title":"login reset-password modal submits recovery email"},{"ancestorTitles":["auth screens"],"duration":109,"failureDetails":[],"failureMessages":[],"fullName":"auth screens signup validates and then submits valid account data","invocations":1,"location":{"column":3,"line":132},"numPassingAsserts":4,"retryReasons":[],"status":"passed","title":"signup validates and then submits valid account data"},{"ancestorTitles":["auth screens"],"duration":43,"failureDetails":[],"failureMessages":[],"fullName":"auth screens reset password rejects invalid input and updates when valid","invocations":1,"location":{"column":3,"line":161},"numPassingAsserts":4,"retryReasons":[],"status":"passed","title":"reset password rejects invalid input and updates when valid"}],"endTime":1776459910927,"message":"","name":"C:\\Users\\Lacey\\Desktop\\Planner\\planner-prototype\\testing\\integration\\auth-screens.integration.test.tsx","startTime":1776459904567,"status":"passed","summary":""},{"assertionResults":[{"ancestorTitles":["extra UI components"],"duration":1234,"failureDetails":[],"failureMessages":[],"fullName":"extra UI components NoteInput renders and calls onChange","invocations":1,"location":{"column":3,"line":85},"numPassingAsserts":2,"retryReasons":[],"status":"passed","title":"NoteInput renders and calls onChange"},{"ancestorTitles":["extra UI components"],"duration":89,"failureDetails":[],"failureMessages":[],"fullName":"extra UI components DateRangePicker opens both pickers and emits selected dates","invocations":1,"location":{"column":3,"line":96},"numPassingAsserts":2,"retryReasons":[],"status":"passed","title":"DateRangePicker opens both pickers and emits selected dates"},{"ancestorTitles":["extra UI components"],"duration":12,"failureDetails":[],"failureMessages":[],"fullName":"extra UI components RelatedTaskInput handles empty and selectable task lists","invocations":1,"location":{"column":3,"line":117},"numPassingAsserts":3,"retryReasons":[],"status":"passed","title":"RelatedTaskInput handles empty and selectable task lists"},{"ancestorTitles":["extra UI components"],"duration":32,"failureDetails":[],"failureMessages":[],"fullName":"extra UI components TaskTypeSelector emits selected type","invocations":1,"location":{"column":3,"line":153},"numPassingAsserts":1,"retryReasons":[],"status":"passed","title":"TaskTypeSelector emits selected type"},{"ancestorTitles":["extra UI components"],"duration":58,"failureDetails":[],"failureMessages":[],"fullName":"extra UI components TaskCard opens edit dialog and shows formatted date","invocations":1,"location":{"column":3,"line":163},"numPassingAsserts":2,"retryReasons":[],"status":"passed","title":"TaskCard opens edit dialog and shows formatted date"},{"ancestorTitles":["extra UI components"],"duration":24,"failureDetails":[],"failureMessages":[],"fullName":"extra UI components ProgressCircle renders rounded percentage and labels","invocations":1,"location":{"column":3,"line":190},"numPassingAsserts":3,"retryReasons":[],"status":"passed","title":"ProgressCircle renders rounded percentage and labels"},{"ancestorTitles":["extra UI components"],"duration":12,"failureDetails":[],"failureMessages":[],"fullName":"extra UI components ConfettiOverlay starts animation when trigger increments","invocations":1,"location":{"column":3,"line":200},"numPassingAsserts":1,"retryReasons":[],"status":"passed","title":"ConfettiOverlay starts animation when trigger increments"}],"endTime":1776459911463,"message":"","name":"C:\\Users\\Lacey\\Desktop\\Planner\\planner-prototype\\testing\\unit\\components-extra.test.tsx","startTime":1776459904232,"status":"passed","summary":""},{"assertionResults":[{"ancestorTitles":["dialogs"],"duration":2298,"failureDetails":[],"failureMessages":[],"fullName":"dialogs AddTaskDialog creates basic, routine, related, and long interval tasks","invocations":1,"location":{"column":3,"line":318},"numPassingAsserts":4,"retryReasons":[],"status":"passed","title":"AddTaskDialog creates basic, routine, related, and long interval tasks"},{"ancestorTitles":["dialogs"],"duration":178,"failureDetails":[],"failureMessages":[],"fullName":"dialogs EditTask saves, toggles completion, and deletes after confirm","invocations":1,"location":{"column":3,"line":432},"numPassingAsserts":3,"retryReasons":[],"status":"passed","title":"EditTask saves, toggles completion, and deletes after confirm"},{"ancestorTitles":["AppContext"],"duration":209,"failureDetails":[],"failureMessages":[],"fullName":"AppContext AppProvider supports task lifecycle, settings updates, and monthly fetch","invocations":1,"location":{"column":3,"line":554},"numPassingAsserts":7,"retryReasons":[],"status":"passed","title":"AppProvider supports task lifecycle, settings updates, and monthly fetch"}],"endTime":1776459911439,"message":"","name":"C:\\Users\\Lacey\\Desktop\\Planner\\planner-prototype\\testing\\unit\\dialogs-and-context.test.tsx","startTime":1776459904208,"status":"passed","summary":""},{"assertionResults":[{"ancestorTitles":["main screen components"],"duration":1968,"failureDetails":[],"failureMessages":[],"fullName":"main screen components Dashboard renders and opens add task dialog","invocations":1,"location":{"column":3,"line":105},"numPassingAsserts":5,"retryReasons":[],"status":"passed","title":"Dashboard renders and opens add task dialog"},{"ancestorTitles":["main screen components"],"duration":81,"failureDetails":[],"failureMessages":[],"fullName":"main screen components WeeklyView renders tasks from context and base layout","invocations":1,"location":{"column":3,"line":133},"numPassingAsserts":2,"retryReasons":[],"status":"passed","title":"WeeklyView renders tasks from context and base layout"},{"ancestorTitles":["main screen components"],"duration":66,"failureDetails":[],"failureMessages":[],"fullName":"main screen components Settings updates selected theme option","invocations":1,"location":{"column":3,"line":161},"numPassingAsserts":2,"retryReasons":[],"status":"passed","title":"Settings updates selected theme option"},{"ancestorTitles":["main screen components"],"duration":208,"failureDetails":[],"failureMessages":[],"fullName":"main screen components OneThingMode completes selected task","invocations":1,"location":{"column":3,"line":183},"numPassingAsserts":3,"retryReasons":[],"status":"passed","title":"OneThingMode completes selected task"},{"ancestorTitles":["main screen components"],"duration":309,"failureDetails":[],"failureMessages":[],"fullName":"main screen components Dashboard supports filters, pagination, and search across task views","invocations":1,"location":{"column":3,"line":216},"numPassingAsserts":7,"retryReasons":[],"status":"passed","title":"Dashboard supports filters, pagination, and search across task views"}],"endTime":1776459911696,"message":"","name":"C:\\Users\\Lacey\\Desktop\\Planner\\planner-prototype\\testing\\integration\\main-components.integration.test.tsx","startTime":1776459904579,"status":"passed","summary":""}],"wasInterrupted":false,"coverageMap":{"C:\\Users\\Lacey\\Desktop\\Planner\\planner-prototype\\src\\constants\\theme.ts":{"path":"C:\\Users\\Lacey\\Desktop\\Planner\\planner-prototype\\src\\constants\\theme.ts","statementMap":{"0":{"start":{"line":8,"column":23},"end":{"line":8,"column":32}},"1":{"start":{"line":9,"column":22},"end":{"line":9,"column":28}},"2":{"start":{"line":11,"column":22},"end":{"line":28,"column":1}},"3":{"start":{"line":33,"column":30},"end":{"line":64,"column":10}},"4":{"start":{"line":72,"column":2},"end":{"line":72,"column":43}},"5":{"start":{"line":72,"column":29},"end":{"line":72,"column":43}},"6":{"start":{"line":73,"column":2},"end":{"line":73,"column":45}},"7":{"start":{"line":73,"column":30},"end":{"line":73,"column":45}},"8":{"start":{"line":74,"column":2},"end":{"line":74,"column":52}},"9":{"start":{"line":77,"column":25},"end":{"line":83,"column":10}},"10":{"start":{"line":85,"column":36},"end":{"line":91,"column":10}},"11":{"start":{"line":93,"column":29},"end":{"line":99,"column":10}},"12":{"start":{"line":102,"column":2},"end":{"line":104,"column":3}},"13":{"start":{"line":103,"column":4},"end":{"line":103,"column":25}},"14":{"start":{"line":105,"column":2},"end":{"line":107,"column":3}},"15":{"start":{"line":106,"column":4},"end":{"line":106,"column":25}},"16":{"start":{"line":108,"column":2},"end":{"line":110,"column":3}},"17":{"start":{"line":109,"column":4},"end":{"line":109,"column":31}},"18":{"start":{"line":111,"column":2},"end":{"line":111,"column":19}},"19":{"start":{"line":114,"column":21},"end":{"line":137,"column":2}}},"fnMap":{"0":{"name":"resolveThemePreference","decl":{"start":{"line":68,"column":16},"end":{"line":68,"column":38}},"loc":{"start":{"line":71,"column":17},"end":{"line":75,"column":1}},"line":71},"1":{"name":"getAppColors","decl":{"start":{"line":101,"column":16},"end":{"line":101,"column":28}},"loc":{"start":{"line":101,"column":75},"end":{"line":112,"column":1}},"line":101}},"branchMap":{"0":{"loc":{"start":{"line":72,"column":2},"end":{"line":72,"column":43}},"type":"if","locations":[{"start":{"line":72,"column":2},"end":{"line":72,"column":43}},{"start":{},"end":{}}],"line":72},"1":{"loc":{"start":{"line":73,"column":2},"end":{"line":73,"column":45}},"type":"if","locations":[{"start":{"line":73,"column":2},"end":{"line":73,"column":45}},{"start":{},"end":{}}],"line":73},"2":{"loc":{"start":{"line":74,"column":9},"end":{"line":74,"column":51}},"type":"cond-expr","locations":[{"start":{"line":74,"column":35},"end":{"line":74,"column":41}},{"start":{"line":74,"column":44},"end":{"line":74,"column":51}}],"line":74},"3":{"loc":{"start":{"line":102,"column":2},"end":{"line":104,"column":3}},"type":"if","locations":[{"start":{"line":102,"column":2},"end":{"line":104,"column":3}},{"start":{},"end":{}}],"line":102},"4":{"loc":{"start":{"line":102,"column":6},"end":{"line":102,"column":34}},"type":"binary-expr","locations":[{"start":{"line":102,"column":6},"end":{"line":102,"column":20}},{"start":{"line":102,"column":24},"end":{"line":102,"column":34}}],"line":102},"5":{"loc":{"start":{"line":105,"column":2},"end":{"line":107,"column":3}},"type":"if","locations":[{"start":{"line":105,"column":2},"end":{"line":107,"column":3}},{"start":{},"end":{}}],"line":105},"6":{"loc":{"start":{"line":108,"column":2},"end":{"line":110,"column":3}},"type":"if","locations":[{"start":{"line":108,"column":2},"end":{"line":110,"column":3}},{"start":{},"end":{}}],"line":108}},"s":{"0":6,"1":6,"2":6,"3":6,"4":28,"5":1,"6":27,"7":22,"8":5,"9":6,"10":6,"11":6,"12":624,"13":0,"14":624,"15":0,"16":624,"17":0,"18":624,"19":6},"f":{"0":28,"1":624},"b":{"0":[1,27],"1":[22,5],"2":[2,3],"3":[0,624],"4":[624,0],"5":[0,624],"6":[0,624]},"_coverageSchema":"1a1c01bbd47fc00a2c39e90264f33305004495a9","hash":"5dec2ed5d8d15fe058324a0bc6bcdf22a0143253"},"C:\\Users\\Lacey\\Desktop\\Planner\\planner-prototype\\lib\\Notifications.ts":{"path":"C:\\Users\\Lacey\\Desktop\\Planner\\planner-prototype\\lib\\Notifications.ts","statementMap":{"0":{"start":{"line":4,"column":25},"end":{"line":4,"column":45}},"1":{"start":{"line":5,"column":26},"end":{"line":5,"column":42}},"2":{"start":{"line":8,"column":2},"end":{"line":10,"column":3}},"3":{"start":{"line":9,"column":4},"end":{"line":9,"column":11}},"4":{"start":{"line":12,"column":2},"end":{"line":18,"column":5}},"5":{"start":{"line":20,"column":2},"end":{"line":26,"column":5}},"6":{"start":{"line":30,"column":2},"end":{"line":30,"column":44}},"7":{"start":{"line":31,"column":21},"end":{"line":31,"column":66}},"8":{"start":{"line":32,"column":2},"end":{"line":32,"column":30}},"9":{"start":{"line":38,"column":2},"end":{"line":38,"column":44}},"10":{"start":{"line":40,"column":13},"end":{"line":55,"column":4}},"11":{"start":{"line":57,"column":2},"end":{"line":57,"column":12}},"12":{"start":{"line":71,"column":2},"end":{"line":71,"column":44}},"13":{"start":{"line":73,"column":13},"end":{"line":89,"column":4}},"14":{"start":{"line":91,"column":2},"end":{"line":91,"column":12}},"15":{"start":{"line":95,"column":2},"end":{"line":95,"column":59}},"16":{"start":{"line":99,"column":2},"end":{"line":99,"column":61}}},"fnMap":{"0":{"name":"ensureAndroidNotificationChannels","decl":{"start":{"line":7,"column":15},"end":{"line":7,"column":48}},"loc":{"start":{"line":7,"column":51},"end":{"line":27,"column":1}},"line":7},"1":{"name":"requestNotificationPermission","decl":{"start":{"line":29,"column":22},"end":{"line":29,"column":51}},"loc":{"start":{"line":29,"column":54},"end":{"line":33,"column":1}},"line":29},"2":{"name":"scheduleTimedNotification","decl":{"start":{"line":37,"column":22},"end":{"line":37,"column":47}},"loc":{"start":{"line":37,"column":120},"end":{"line":58,"column":1}},"line":37},"3":{"name":"scheduleWeeklyNotification","decl":{"start":{"line":63,"column":22},"end":{"line":63,"column":48}},"loc":{"start":{"line":70,"column":19},"end":{"line":92,"column":1}},"line":70},"4":{"name":"cancelNotification","decl":{"start":{"line":94,"column":22},"end":{"line":94,"column":40}},"loc":{"start":{"line":94,"column":53},"end":{"line":96,"column":1}},"line":94},"5":{"name":"disableNotifications","decl":{"start":{"line":98,"column":22},"end":{"line":98,"column":42}},"loc":{"start":{"line":98,"column":45},"end":{"line":100,"column":1}},"line":98}},"branchMap":{"0":{"loc":{"start":{"line":8,"column":2},"end":{"line":10,"column":3}},"type":"if","locations":[{"start":{"line":8,"column":2},"end":{"line":10,"column":3}},{"start":{},"end":{}}],"line":8},"1":{"loc":{"start":{"line":47,"column":8},"end":{"line":49,"column":10}},"type":"cond-expr","locations":[{"start":{"line":48,"column":8},"end":{"line":48,"column":67}},{"start":{"line":49,"column":8},"end":{"line":49,"column":10}}],"line":47},"2":{"loc":{"start":{"line":48,"column":21},"end":{"line":48,"column":65}},"type":"cond-expr","locations":[{"start":{"line":48,"column":29},"end":{"line":48,"column":45}},{"start":{"line":48,"column":48},"end":{"line":48,"column":65}}],"line":48},"3":{"loc":{"start":{"line":69,"column":2},"end":{"line":69,"column":23}},"type":"default-arg","locations":[{"start":{"line":69,"column":19},"end":{"line":69,"column":23}}],"line":69},"4":{"loc":{"start":{"line":80,"column":8},"end":{"line":82,"column":10}},"type":"cond-expr","locations":[{"start":{"line":81,"column":8},"end":{"line":81,"column":67}},{"start":{"line":82,"column":8},"end":{"line":82,"column":10}}],"line":80},"5":{"loc":{"start":{"line":81,"column":21},"end":{"line":81,"column":65}},"type":"cond-expr","locations":[{"start":{"line":81,"column":29},"end":{"line":81,"column":45}},{"start":{"line":81,"column":48},"end":{"line":81,"column":65}}],"line":81}},"s":{"0":3,"1":3,"2":3,"3":0,"4":3,"5":3,"6":1,"7":1,"8":1,"9":1,"10":1,"11":1,"12":1,"13":1,"14":1,"15":1,"16":1},"f":{"0":3,"1":1,"2":1,"3":1,"4":1,"5":1},"b":{"0":[0,3],"1":[1,0],"2":[1,0],"3":[0],"4":[1,0],"5":[0,1]},"_coverageSchema":"1a1c01bbd47fc00a2c39e90264f33305004495a9","hash":"d6870f0c535353ef355cfb335ff09bd03d170854"},"C:\\Users\\Lacey\\Desktop\\Planner\\planner-prototype\\src\\types\\index.ts":{"path":"C:\\Users\\Lacey\\Desktop\\Planner\\planner-prototype\\src\\types\\index.ts","statementMap":{"0":{"start":{"line":48,"column":15},"end":{"line":48,"column":33}},"1":{"start":{"line":49,"column":16},"end":{"line":49,"column":60}},"2":{"start":{"line":50,"column":14},"end":{"line":50,"column":53}},"3":{"start":{"line":51,"column":2},"end":{"line":51,"column":35}},"4":{"start":{"line":55,"column":16},"end":{"line":55,"column":56}},"5":{"start":{"line":56,"column":18},"end":{"line":56,"column":60}},"6":{"start":{"line":57,"column":18},"end":{"line":57,"column":60}},"7":{"start":{"line":58,"column":2},"end":{"line":58,"column":43}},"8":{"start":{"line":65,"column":19},"end":{"line":65,"column":37}},"9":{"start":{"line":67,"column":2},"end":{"line":72,"column":4}},"10":{"start":{"line":74,"column":2},"end":{"line":74,"column":18}}},"fnMap":{"0":{"name":"toLocalDateString","decl":{"start":{"line":47,"column":16},"end":{"line":47,"column":33}},"loc":{"start":{"line":47,"column":54},"end":{"line":52,"column":1}},"line":47},"1":{"name":"toLocalTimeString","decl":{"start":{"line":54,"column":16},"end":{"line":54,"column":33}},"loc":{"start":{"line":54,"column":54},"end":{"line":59,"column":1}},"line":54},"2":{"name":"combineAsDate","decl":{"start":{"line":61,"column":16},"end":{"line":61,"column":29}},"loc":{"start":{"line":64,"column":8},"end":{"line":75,"column":1}},"line":64}},"branchMap":{},"s":{"0":73,"1":73,"2":73,"3":73,"4":3,"5":3,"6":3,"7":3,"8":144,"9":144,"10":144},"f":{"0":73,"1":3,"2":144},"b":{},"_coverageSchema":"1a1c01bbd47fc00a2c39e90264f33305004495a9","hash":"ea51d2a5db31c121de8bd56755a90e5964a9c8c8"},"C:\\Users\\Lacey\\Desktop\\Planner\\planner-prototype\\src\\components\\Confirmation.tsx":{"path":"C:\\Users\\Lacey\\Desktop\\Planner\\planner-prototype\\src\\components\\Confirmation.tsx","statementMap":{"0":{"start":{"line":4,"column":23},"end":{"line":16,"column":1}},"1":{"start":{"line":5,"column":2},"end":{"line":15,"column":5}},"2":{"start":{"line":6,"column":4},"end":{"line":14,"column":6}},"3":{"start":{"line":10,"column":37},"end":{"line":10,"column":51}},"4":{"start":{"line":11,"column":38},"end":{"line":11,"column":51}}},"fnMap":{"0":{"name":"(anonymous_0)","decl":{"start":{"line":4,"column":23},"end":{"line":4,"column":24}},"loc":{"start":{"line":4,"column":44},"end":{"line":16,"column":1}},"line":4},"1":{"name":"(anonymous_1)","decl":{"start":{"line":5,"column":21},"end":{"line":5,"column":22}},"loc":{"start":{"line":5,"column":34},"end":{"line":15,"column":3}},"line":5},"2":{"name":"(anonymous_2)","decl":{"start":{"line":10,"column":31},"end":{"line":10,"column":32}},"loc":{"start":{"line":10,"column":37},"end":{"line":10,"column":51}},"line":10},"3":{"name":"(anonymous_3)","decl":{"start":{"line":11,"column":32},"end":{"line":11,"column":33}},"loc":{"start":{"line":11,"column":38},"end":{"line":11,"column":51}},"line":11}},"branchMap":{},"s":{"0":1,"1":2,"2":2,"3":1,"4":1},"f":{"0":2,"1":2,"2":1,"3":1},"b":{},"_coverageSchema":"1a1c01bbd47fc00a2c39e90264f33305004495a9","hash":"c3bfe320f6fb581755df04a06d680acf87c5f390"},"C:\\Users\\Lacey\\Desktop\\Planner\\planner-prototype\\src\\components\\taskColors.ts":{"path":"C:\\Users\\Lacey\\Desktop\\Planner\\planner-prototype\\src\\components\\taskColors.ts","statementMap":{"0":{"start":{"line":16,"column":54},"end":{"line":21,"column":1}},"1":{"start":{"line":23,"column":57},"end":{"line":28,"column":1}},"2":{"start":{"line":31,"column":46},"end":{"line":36,"column":1}},"3":{"start":{"line":38,"column":50},"end":{"line":43,"column":1}},"4":{"start":{"line":46,"column":49},"end":{"line":51,"column":1}},"5":{"start":{"line":54,"column":17},"end":{"line":54,"column":66}},"6":{"start":{"line":55,"column":2},"end":{"line":55,"column":22}},"7":{"start":{"line":59,"column":17},"end":{"line":59,"column":69}},"8":{"start":{"line":60,"column":2},"end":{"line":60,"column":22}},"9":{"start":{"line":66,"column":17},"end":{"line":66,"column":78}},"10":{"start":{"line":67,"column":2},"end":{"line":67,"column":24}}},"fnMap":{"0":{"name":"getTaskTypeColor","decl":{"start":{"line":53,"column":16},"end":{"line":53,"column":32}},"loc":{"start":{"line":53,"column":86},"end":{"line":56,"column":1}},"line":53},"1":{"name":"getEnhancedTaskTypeColor","decl":{"start":{"line":58,"column":16},"end":{"line":58,"column":40}},"loc":{"start":{"line":58,"column":94},"end":{"line":61,"column":1}},"line":58},"2":{"name":"getFilterColor","decl":{"start":{"line":65,"column":16},"end":{"line":65,"column":30}},"loc":{"start":{"line":65,"column":84},"end":{"line":68,"column":1}},"line":65}},"branchMap":{"0":{"loc":{"start":{"line":54,"column":17},"end":{"line":54,"column":66}},"type":"cond-expr","locations":[{"start":{"line":54,"column":34},"end":{"line":54,"column":50}},{"start":{"line":54,"column":53},"end":{"line":54,"column":66}}],"line":54},"1":{"loc":{"start":{"line":59,"column":17},"end":{"line":59,"column":69}},"type":"cond-expr","locations":[{"start":{"line":59,"column":34},"end":{"line":59,"column":50}},{"start":{"line":59,"column":53},"end":{"line":59,"column":69}}],"line":59},"2":{"loc":{"start":{"line":66,"column":17},"end":{"line":66,"column":78}},"type":"cond-expr","locations":[{"start":{"line":66,"column":34},"end":{"line":66,"column":56}},{"start":{"line":66,"column":59},"end":{"line":66,"column":78}}],"line":66}},"s":{"0":4,"1":4,"2":4,"3":4,"4":4,"5":149,"6":149,"7":28,"8":28,"9":18,"10":18},"f":{"0":149,"1":28,"2":18},"b":{"0":[2,147],"1":[1,27],"2":[1,17]},"_coverageSchema":"1a1c01bbd47fc00a2c39e90264f33305004495a9","hash":"8988bffaca367035afb041a7b14279727c083e6a"},"C:\\Users\\Lacey\\Desktop\\Planner\\planner-prototype\\src\\hooks\\use-color-scheme.ts":{"path":"C:\\Users\\Lacey\\Desktop\\Planner\\planner-prototype\\src\\hooks\\use-color-scheme.ts","statementMap":{},"fnMap":{},"branchMap":{},"s":{},"f":{},"b":{},"_coverageSchema":"1a1c01bbd47fc00a2c39e90264f33305004495a9","hash":"7356df4c4bcb720a5eca0834e9fb806e4be8db07"},"C:\\Users\\Lacey\\Desktop\\Planner\\planner-prototype\\src\\hooks\\use-Safe-Back.ts":{"path":"C:\\Users\\Lacey\\Desktop\\Planner\\planner-prototype\\src\\hooks\\use-Safe-Back.ts","statementMap":{"0":{"start":{"line":5,"column":17},"end":{"line":5,"column":28}},"1":{"start":{"line":7,"column":2},"end":{"line":13,"column":4}},"2":{"start":{"line":8,"column":4},"end":{"line":12,"column":5}},"3":{"start":{"line":9,"column":6},"end":{"line":9,"column":20}},"4":{"start":{"line":11,"column":6},"end":{"line":11,"column":26}}},"fnMap":{"0":{"name":"useSafeBack","decl":{"start":{"line":4,"column":16},"end":{"line":4,"column":27}},"loc":{"start":{"line":4,"column":30},"end":{"line":14,"column":1}},"line":4},"1":{"name":"(anonymous_1)","decl":{"start":{"line":7,"column":9},"end":{"line":7,"column":10}},"loc":{"start":{"line":7,"column":15},"end":{"line":13,"column":3}},"line":7}},"branchMap":{"0":{"loc":{"start":{"line":8,"column":4},"end":{"line":12,"column":5}},"type":"if","locations":[{"start":{"line":8,"column":4},"end":{"line":12,"column":5}},{"start":{"line":10,"column":11},"end":{"line":12,"column":5}}],"line":8}},"s":{"0":2,"1":2,"2":2,"3":1,"4":1},"f":{"0":2,"1":2},"b":{"0":[1,1]},"_coverageSchema":"1a1c01bbd47fc00a2c39e90264f33305004495a9","hash":"2a4e3274a43a5271fa87644a15b89fce92cda5ee"},"C:\\Users\\Lacey\\Desktop\\Planner\\planner-prototype\\src\\components\\DotLoader.tsx":{"path":"C:\\Users\\Lacey\\Desktop\\Planner\\planner-prototype\\src\\components\\DotLoader.tsx","statementMap":{"0":{"start":{"line":4,"column":25},"end":{"line":15,"column":1}},"1":{"start":{"line":5,"column":26},"end":{"line":5,"column":39}},"2":{"start":{"line":7,"column":2},"end":{"line":12,"column":9}},"3":{"start":{"line":8,"column":21},"end":{"line":10,"column":11}},"4":{"start":{"line":9,"column":6},"end":{"line":9,"column":61}},"5":{"start":{"line":9,"column":23},"end":{"line":9,"column":58}},"6":{"start":{"line":11,"column":4},"end":{"line":11,"column":41}},"7":{"start":{"line":11,"column":17},"end":{"line":11,"column":40}},"8":{"start":{"line":14,"column":2},"end":{"line":14,"column":70}}},"fnMap":{"0":{"name":"(anonymous_0)","decl":{"start":{"line":4,"column":25},"end":{"line":4,"column":26}},"loc":{"start":{"line":4,"column":31},"end":{"line":15,"column":1}},"line":4},"1":{"name":"(anonymous_1)","decl":{"start":{"line":7,"column":12},"end":{"line":7,"column":13}},"loc":{"start":{"line":7,"column":18},"end":{"line":12,"column":3}},"line":7},"2":{"name":"(anonymous_2)","decl":{"start":{"line":8,"column":33},"end":{"line":8,"column":34}},"loc":{"start":{"line":8,"column":39},"end":{"line":10,"column":5}},"line":8},"3":{"name":"(anonymous_3)","decl":{"start":{"line":9,"column":14},"end":{"line":9,"column":15}},"loc":{"start":{"line":9,"column":23},"end":{"line":9,"column":58}},"line":9},"4":{"name":"(anonymous_4)","decl":{"start":{"line":11,"column":11},"end":{"line":11,"column":12}},"loc":{"start":{"line":11,"column":17},"end":{"line":11,"column":40}},"line":11}},"branchMap":{"0":{"loc":{"start":{"line":9,"column":23},"end":{"line":9,"column":58}},"type":"cond-expr","locations":[{"start":{"line":9,"column":42},"end":{"line":9,"column":45}},{"start":{"line":9,"column":48},"end":{"line":9,"column":58}}],"line":9}},"s":{"0":3,"1":7,"2":7,"3":4,"4":3,"5":3,"6":4,"7":4,"8":7},"f":{"0":7,"1":4,"2":3,"3":3,"4":4},"b":{"0":[1,2]},"_coverageSchema":"1a1c01bbd47fc00a2c39e90264f33305004495a9","hash":"8dcf062e600420564b3ec83ecc8fa82e894e59dd"},"C:\\Users\\Lacey\\Desktop\\Planner\\planner-prototype\\src\\components\\TitleInput.tsx":{"path":"C:\\Users\\Lacey\\Desktop\\Planner\\planner-prototype\\src\\components\\TitleInput.tsx","statementMap":{"0":{"start":{"line":22,"column":2},"end":{"line":37,"column":4}},"1":{"start":{"line":40,"column":15},"end":{"line":65,"column":2}}},"fnMap":{"0":{"name":"TitleInput","decl":{"start":{"line":15,"column":24},"end":{"line":15,"column":34}},"loc":{"start":{"line":21,"column":20},"end":{"line":38,"column":1}},"line":21}},"branchMap":{"0":{"loc":{"start":{"line":18,"column":2},"end":{"line":18,"column":24}},"type":"default-arg","locations":[{"start":{"line":18,"column":19},"end":{"line":18,"column":24}}],"line":18},"1":{"loc":{"start":{"line":19,"column":2},"end":{"line":19,"column":20}},"type":"default-arg","locations":[{"start":{"line":19,"column":15},"end":{"line":19,"column":20}}],"line":19},"2":{"loc":{"start":{"line":20,"column":2},"end":{"line":20,"column":34}},"type":"default-arg","locations":[{"start":{"line":20,"column":16},"end":{"line":20,"column":34}}],"line":20}},"s":{"0":2,"1":1},"f":{"0":2},"b":{"0":[2],"1":[2],"2":[1]},"_coverageSchema":"1a1c01bbd47fc00a2c39e90264f33305004495a9","hash":"59f74baddcfd1dbe86c721e06b6476b83020d672"},"C:\\Users\\Lacey\\Desktop\\Planner\\planner-prototype\\src\\app\\index.tsx":{"path":"C:\\Users\\Lacey\\Desktop\\Planner\\planner-prototype\\src\\app\\index.tsx","statementMap":{"0":{"start":{"line":13,"column":17},"end":{"line":13,"column":28}},"1":{"start":{"line":14,"column":92},"end":{"line":14,"column":100}},"2":{"start":{"line":15,"column":21},"end":{"line":15,"column":34}},"3":{"start":{"line":17,"column":2},"end":{"line":32,"column":4}},"4":{"start":{"line":20,"column":36},"end":{"line":20,"column":64}},"5":{"start":{"line":21,"column":40},"end":{"line":21,"column":68}},"6":{"start":{"line":22,"column":36},"end":{"line":22,"column":60}},"7":{"start":{"line":35,"column":15},"end":{"line":39,"column":2}}},"fnMap":{"0":{"name":"DashboardScreen","decl":{"start":{"line":12,"column":24},"end":{"line":12,"column":39}},"loc":{"start":{"line":12,"column":42},"end":{"line":33,"column":1}},"line":12},"1":{"name":"(anonymous_1)","decl":{"start":{"line":20,"column":30},"end":{"line":20,"column":31}},"loc":{"start":{"line":20,"column":36},"end":{"line":20,"column":64}},"line":20},"2":{"name":"(anonymous_2)","decl":{"start":{"line":21,"column":34},"end":{"line":21,"column":35}},"loc":{"start":{"line":21,"column":40},"end":{"line":21,"column":68}},"line":21},"3":{"name":"(anonymous_3)","decl":{"start":{"line":22,"column":30},"end":{"line":22,"column":31}},"loc":{"start":{"line":22,"column":36},"end":{"line":22,"column":60}},"line":22}},"branchMap":{},"s":{"0":1,"1":1,"2":1,"3":1,"4":1,"5":1,"6":1,"7":1},"f":{"0":1,"1":1,"2":1,"3":1},"b":{},"_coverageSchema":"1a1c01bbd47fc00a2c39e90264f33305004495a9","hash":"6c76841fd4bb4d76c9706d4e6a27470bf3bd0071"},"C:\\Users\\Lacey\\Desktop\\Planner\\planner-prototype\\src\\app\\CalendarView.tsx":{"path":"C:\\Users\\Lacey\\Desktop\\Planner\\planner-prototype\\src\\app\\CalendarView.tsx","statementMap":{"0":{"start":{"line":11,"column":17},"end":{"line":11,"column":28}},"1":{"start":{"line":12,"column":76},"end":{"line":12,"column":84}},"2":{"start":{"line":13,"column":21},"end":{"line":13,"column":34}},"3":{"start":{"line":14,"column":21},"end":{"line":14,"column":34}},"4":{"start":{"line":16,"column":2},"end":{"line":29,"column":4}},"5":{"start":{"line":20,"column":34},"end":{"line":20,"column":58}},"6":{"start":{"line":32,"column":15},"end":{"line":36,"column":2}}},"fnMap":{"0":{"name":"CalendarViewScreen","decl":{"start":{"line":10,"column":24},"end":{"line":10,"column":42}},"loc":{"start":{"line":10,"column":45},"end":{"line":30,"column":1}},"line":10},"1":{"name":"(anonymous_1)","decl":{"start":{"line":20,"column":28},"end":{"line":20,"column":29}},"loc":{"start":{"line":20,"column":34},"end":{"line":20,"column":58}},"line":20}},"branchMap":{},"s":{"0":1,"1":1,"2":1,"3":1,"4":1,"5":1,"6":1},"f":{"0":1,"1":1},"b":{},"_coverageSchema":"1a1c01bbd47fc00a2c39e90264f33305004495a9","hash":"ab1458dc88c8f239d11e21d4744b28d7f9bb6b9a"},"C:\\Users\\Lacey\\Desktop\\Planner\\planner-prototype\\src\\app\\Settings.tsx":{"path":"C:\\Users\\Lacey\\Desktop\\Planner\\planner-prototype\\src\\app\\Settings.tsx","statementMap":{"0":{"start":{"line":14,"column":17},"end":{"line":14,"column":28}},"1":{"start":{"line":15,"column":39},"end":{"line":15,"column":47}},"2":{"start":{"line":16,"column":26},"end":{"line":16,"column":53}},"3":{"start":{"line":17,"column":34},"end":{"line":17,"column":63}},"4":{"start":{"line":18,"column":31},"end":{"line":18,"column":46}},"5":{"start":{"line":20,"column":5},"end":{"line":39,"column":10}},"6":{"start":{"line":21,"column":19},"end":{"line":24,"column":7}},"7":{"start":{"line":22,"column":25},"end":{"line":22,"column":57}},"8":{"start":{"line":23,"column":8},"end":{"line":23,"column":43}},"9":{"start":{"line":26,"column":6},"end":{"line":26,"column":23}},"10":{"start":{"line":27,"column":6},"end":{"line":27,"column":12}},"11":{"start":{"line":29,"column":37},"end":{"line":33,"column":7}},"12":{"start":{"line":31,"column":10},"end":{"line":31,"column":40}},"13":{"start":{"line":35,"column":6},"end":{"line":35,"column":24}},"14":{"start":{"line":36,"column":6},"end":{"line":38,"column":7}},"15":{"start":{"line":37,"column":8},"end":{"line":37,"column":47}},"16":{"start":{"line":40,"column":21},"end":{"line":40,"column":34}},"17":{"start":{"line":41,"column":21},"end":{"line":41,"column":34}},"18":{"start":{"line":43,"column":6},"end":{"line":53,"column":15}},"19":{"start":{"line":44,"column":28},"end":{"line":47,"column":9}},"20":{"start":{"line":45,"column":27},"end":{"line":45,"column":49}},"21":{"start":{"line":46,"column":10},"end":{"line":46,"column":31}},"22":{"start":{"line":48,"column":8},"end":{"line":52,"column":9}},"23":{"start":{"line":49,"column":10},"end":{"line":49,"column":24}},"24":{"start":{"line":51,"column":10},"end":{"line":51,"column":28}},"25":{"start":{"line":55,"column":2},"end":{"line":65,"column":4}},"26":{"start":{"line":68,"column":15},"end":{"line":72,"column":2}}},"fnMap":{"0":{"name":"SettingsScreen","decl":{"start":{"line":13,"column":24},"end":{"line":13,"column":38}},"loc":{"start":{"line":13,"column":41},"end":{"line":66,"column":1}},"line":13},"1":{"name":"(anonymous_1)","decl":{"start":{"line":20,"column":15},"end":{"line":20,"column":16}},"loc":{"start":{"line":20,"column":21},"end":{"line":39,"column":5}},"line":20},"2":{"name":"(anonymous_2)","decl":{"start":{"line":21,"column":19},"end":{"line":21,"column":20}},"loc":{"start":{"line":21,"column":31},"end":{"line":24,"column":7}},"line":21},"3":{"name":"(anonymous_3)","decl":{"start":{"line":30,"column":8},"end":{"line":30,"column":9}},"loc":{"start":{"line":30,"column":29},"end":{"line":32,"column":9}},"line":30},"4":{"name":"(anonymous_4)","decl":{"start":{"line":36,"column":13},"end":{"line":36,"column":14}},"loc":{"start":{"line":36,"column":19},"end":{"line":38,"column":7}},"line":36},"5":{"name":"(anonymous_5)","decl":{"start":{"line":43,"column":16},"end":{"line":43,"column":17}},"loc":{"start":{"line":43,"column":21},"end":{"line":53,"column":7}},"line":43},"6":{"name":"(anonymous_6)","decl":{"start":{"line":44,"column":28},"end":{"line":44,"column":29}},"loc":{"start":{"line":44,"column":39},"end":{"line":47,"column":9}},"line":44}},"branchMap":{"0":{"loc":{"start":{"line":23,"column":16},"end":{"line":23,"column":42}},"type":"binary-expr","locations":[{"start":{"line":23,"column":16},"end":{"line":23,"column":34}},{"start":{"line":23,"column":38},"end":{"line":23,"column":42}}],"line":23},"1":{"loc":{"start":{"line":31,"column":18},"end":{"line":31,"column":39}},"type":"binary-expr","locations":[{"start":{"line":31,"column":18},"end":{"line":31,"column":31}},{"start":{"line":31,"column":35},"end":{"line":31,"column":39}}],"line":31},"2":{"loc":{"start":{"line":48,"column":8},"end":{"line":52,"column":9}},"type":"if","locations":[{"start":{"line":48,"column":8},"end":{"line":52,"column":9}},{"start":{"line":50,"column":15},"end":{"line":52,"column":9}}],"line":48}},"s":{"0":2,"1":2,"2":2,"3":2,"4":2,"5":2,"6":1,"7":1,"8":1,"9":1,"10":1,"11":1,"12":0,"13":1,"14":1,"15":1,"16":2,"17":2,"18":2,"19":1,"20":0,"21":0,"22":1,"23":0,"24":1,"25":2,"26":1},"f":{"0":2,"1":1,"2":1,"3":0,"4":1,"5":1,"6":0},"b":{"0":[1,1],"1":[0,0],"2":[0,1]},"_coverageSchema":"1a1c01bbd47fc00a2c39e90264f33305004495a9","hash":"0802807f5bdf6ce85d7a0e0c1944c3fc6f1ef6ba"},"C:\\Users\\Lacey\\Desktop\\Planner\\planner-prototype\\src\\app\\OneThingMode.tsx":{"path":"C:\\Users\\Lacey\\Desktop\\Planner\\planner-prototype\\src\\app\\OneThingMode.tsx","statementMap":{"0":{"start":{"line":12,"column":17},"end":{"line":12,"column":28}},"1":{"start":{"line":13,"column":59},"end":{"line":13,"column":67}},"2":{"start":{"line":14,"column":21},"end":{"line":14,"column":34}},"3":{"start":{"line":15,"column":21},"end":{"line":15,"column":34}},"4":{"start":{"line":17,"column":2},"end":{"line":27,"column":4}},"5":{"start":{"line":30,"column":15},"end":{"line":34,"column":2}}},"fnMap":{"0":{"name":"OneThingModeScreen","decl":{"start":{"line":11,"column":24},"end":{"line":11,"column":42}},"loc":{"start":{"line":11,"column":45},"end":{"line":28,"column":1}},"line":11}},"branchMap":{},"s":{"0":1,"1":1,"2":1,"3":1,"4":1,"5":1},"f":{"0":1},"b":{},"_coverageSchema":"1a1c01bbd47fc00a2c39e90264f33305004495a9","hash":"a417f2973948eaa6f15a525b3a0d2b0086ce5b3f"},"C:\\Users\\Lacey\\Desktop\\Planner\\planner-prototype\\src\\app\\_layout.tsx":{"path":"C:\\Users\\Lacey\\Desktop\\Planner\\planner-prototype\\src\\app\\_layout.tsx","statementMap":{"0":{"start":{"line":12,"column":0},"end":{"line":19,"column":3}},"1":{"start":{"line":13,"column":35},"end":{"line":18,"column":3}},"2":{"start":{"line":22,"column":30},"end":{"line":22,"column":38}},"3":{"start":{"line":23,"column":29},"end":{"line":23,"column":42}},"4":{"start":{"line":25,"column":2},"end":{"line":44,"column":4}},"5":{"start":{"line":48,"column":2},"end":{"line":54,"column":4}}},"fnMap":{"0":{"name":"(anonymous_0)","decl":{"start":{"line":13,"column":22},"end":{"line":13,"column":23}},"loc":{"start":{"line":13,"column":35},"end":{"line":18,"column":3}},"line":13},"1":{"name":"RootLayoutContent","decl":{"start":{"line":21,"column":9},"end":{"line":21,"column":26}},"loc":{"start":{"line":21,"column":29},"end":{"line":45,"column":1}},"line":21},"2":{"name":"Layout","decl":{"start":{"line":47,"column":24},"end":{"line":47,"column":30}},"loc":{"start":{"line":47,"column":33},"end":{"line":55,"column":1}},"line":47}},"branchMap":{"0":{"loc":{"start":{"line":27,"column":24},"end":{"line":27,"column":49}},"type":"cond-expr","locations":[{"start":{"line":27,"column":33},"end":{"line":27,"column":40}},{"start":{"line":27,"column":43},"end":{"line":27,"column":49}}],"line":27}},"s":{"0":1,"1":0,"2":1,"3":1,"4":1,"5":1},"f":{"0":0,"1":1,"2":1},"b":{"0":[0,1]},"_coverageSchema":"1a1c01bbd47fc00a2c39e90264f33305004495a9","hash":"b3688506d9061b6a8fab9d610b7db64d4e1d91ce"},"C:\\Users\\Lacey\\Desktop\\Planner\\planner-prototype\\src\\hooks\\use-app-theme.ts":{"path":"C:\\Users\\Lacey\\Desktop\\Planner\\planner-prototype\\src\\hooks\\use-app-theme.ts","statementMap":{"0":{"start":{"line":11,"column":23},"end":{"line":11,"column":31}},"1":{"start":{"line":12,"column":23},"end":{"line":12,"column":39}},"2":{"start":{"line":13,"column":39},"end":{"line":16,"column":3}},"3":{"start":{"line":17,"column":17},"end":{"line":17,"column":41}},"4":{"start":{"line":18,"column":17},"end":{"line":18,"column":78}},"5":{"start":{"line":18,"column":31},"end":{"line":18,"column":60}},"6":{"start":{"line":20,"column":2},"end":{"line":24,"column":4}}},"fnMap":{"0":{"name":"useAppTheme","decl":{"start":{"line":10,"column":16},"end":{"line":10,"column":27}},"loc":{"start":{"line":10,"column":30},"end":{"line":25,"column":1}},"line":10},"1":{"name":"(anonymous_1)","decl":{"start":{"line":18,"column":25},"end":{"line":18,"column":26}},"loc":{"start":{"line":18,"column":31},"end":{"line":18,"column":60}},"line":18}},"branchMap":{},"s":{"0":1,"1":1,"2":1,"3":1,"4":1,"5":1,"6":1},"f":{"0":1,"1":1},"b":{},"_coverageSchema":"1a1c01bbd47fc00a2c39e90264f33305004495a9","hash":"c226596bc9161100e1531e40b106efef398eef97"},"C:\\Users\\Lacey\\Desktop\\Planner\\planner-prototype\\src\\hooks\\use-theme-color.ts":{"path":"C:\\Users\\Lacey\\Desktop\\Planner\\planner-prototype\\src\\hooks\\use-theme-color.ts","statementMap":{"0":{"start":{"line":13,"column":16},"end":{"line":13,"column":43}},"1":{"start":{"line":14,"column":25},"end":{"line":14,"column":37}},"2":{"start":{"line":16,"column":2},"end":{"line":20,"column":3}},"3":{"start":{"line":17,"column":4},"end":{"line":17,"column":26}},"4":{"start":{"line":19,"column":4},"end":{"line":19,"column":36}}},"fnMap":{"0":{"name":"useThemeColor","decl":{"start":{"line":9,"column":16},"end":{"line":9,"column":29}},"loc":{"start":{"line":12,"column":2},"end":{"line":21,"column":1}},"line":12}},"branchMap":{"0":{"loc":{"start":{"line":13,"column":16},"end":{"line":13,"column":43}},"type":"binary-expr","locations":[{"start":{"line":13,"column":16},"end":{"line":13,"column":32}},{"start":{"line":13,"column":36},"end":{"line":13,"column":43}}],"line":13},"1":{"loc":{"start":{"line":16,"column":2},"end":{"line":20,"column":3}},"type":"if","locations":[{"start":{"line":16,"column":2},"end":{"line":20,"column":3}},{"start":{"line":18,"column":9},"end":{"line":20,"column":3}}],"line":16}},"s":{"0":2,"1":2,"2":2,"3":1,"4":1},"f":{"0":2},"b":{"0":[2,0],"1":[1,1]},"_coverageSchema":"1a1c01bbd47fc00a2c39e90264f33305004495a9","hash":"89c2928a422e54697df620caf5acb603110f4050"},"C:\\Users\\Lacey\\Desktop\\Planner\\planner-prototype\\src\\hooks\\use-color-scheme.web.ts":{"path":"C:\\Users\\Lacey\\Desktop\\Planner\\planner-prototype\\src\\hooks\\use-color-scheme.web.ts","statementMap":{"0":{"start":{"line":8,"column":40},"end":{"line":8,"column":55}},"1":{"start":{"line":10,"column":2},"end":{"line":12,"column":9}},"2":{"start":{"line":11,"column":4},"end":{"line":11,"column":25}},"3":{"start":{"line":14,"column":22},"end":{"line":14,"column":40}},"4":{"start":{"line":16,"column":2},"end":{"line":18,"column":3}},"5":{"start":{"line":17,"column":4},"end":{"line":17,"column":23}},"6":{"start":{"line":20,"column":2},"end":{"line":20,"column":17}}},"fnMap":{"0":{"name":"useColorScheme","decl":{"start":{"line":7,"column":16},"end":{"line":7,"column":30}},"loc":{"start":{"line":7,"column":33},"end":{"line":21,"column":1}},"line":7},"1":{"name":"(anonymous_1)","decl":{"start":{"line":10,"column":12},"end":{"line":10,"column":13}},"loc":{"start":{"line":10,"column":18},"end":{"line":12,"column":3}},"line":10}},"branchMap":{"0":{"loc":{"start":{"line":16,"column":2},"end":{"line":18,"column":3}},"type":"if","locations":[{"start":{"line":16,"column":2},"end":{"line":18,"column":3}},{"start":{},"end":{}}],"line":16}},"s":{"0":2,"1":2,"2":1,"3":2,"4":2,"5":1,"6":1},"f":{"0":2,"1":1},"b":{"0":[1,1]},"_coverageSchema":"1a1c01bbd47fc00a2c39e90264f33305004495a9","hash":"85298d580931be0eb52da93dee95b57fa2deb4a5"},"C:\\Users\\Lacey\\Desktop\\Planner\\planner-prototype\\lib\\supabaseClient.ts":{"path":"C:\\Users\\Lacey\\Desktop\\Planner\\planner-prototype\\lib\\supabaseClient.ts","statementMap":{"0":{"start":{"line":7,"column":20},"end":{"line":7,"column":57}},"1":{"start":{"line":8,"column":24},"end":{"line":8,"column":66}},"2":{"start":{"line":10,"column":24},"end":{"line":17,"column":2}},"3":{"start":{"line":33,"column":26},"end":{"line":48,"column":1}},"4":{"start":{"line":34,"column":26},"end":{"line":38,"column":13}},"5":{"start":{"line":40,"column":2},"end":{"line":43,"column":3}},"6":{"start":{"line":41,"column":4},"end":{"line":41,"column":41}},"7":{"start":{"line":42,"column":4},"end":{"line":42,"column":16}},"8":{"start":{"line":45,"column":2},"end":{"line":45,"column":38}},"9":{"start":{"line":45,"column":26},"end":{"line":45,"column":37}},"10":{"start":{"line":47,"column":2},"end":{"line":47,"column":26}},"11":{"start":{"line":51,"column":39},"end":{"line":51,"column":71}},"12":{"start":{"line":53,"column":4},"end":{"line":58,"column":5}},"13":{"start":{"line":54,"column":19},"end":{"line":54,"column":34}},"14":{"start":{"line":55,"column":4},"end":{"line":55,"column":44}},"15":{"start":{"line":57,"column":4},"end":{"line":57,"column":37}},"16":{"start":{"line":62,"column":20},"end":{"line":62,"column":49}},"17":{"start":{"line":64,"column":2},"end":{"line":67,"column":3}},"18":{"start":{"line":65,"column":4},"end":{"line":65,"column":52}},"19":{"start":{"line":66,"column":4},"end":{"line":66,"column":11}},"20":{"start":{"line":69,"column":2},"end":{"line":69,"column":46}}},"fnMap":{"0":{"name":"(anonymous_0)","decl":{"start":{"line":33,"column":26},"end":{"line":33,"column":27}},"loc":{"start":{"line":33,"column":56},"end":{"line":48,"column":1}},"line":33},"1":{"name":"getCurrentUser","decl":{"start":{"line":50,"column":22},"end":{"line":50,"column":36}},"loc":{"start":{"line":50,"column":39},"end":{"line":59,"column":1}},"line":50},"2":{"name":"signOut","decl":{"start":{"line":61,"column":22},"end":{"line":61,"column":29}},"loc":{"start":{"line":61,"column":32},"end":{"line":70,"column":1}},"line":61}},"branchMap":{"0":{"loc":{"start":{"line":12,"column":8},"end":{"line":12,"column":62}},"type":"cond-expr","locations":[{"start":{"line":12,"column":32},"end":{"line":12,"column":57}},{"start":{"line":12,"column":60},"end":{"line":12,"column":62}}],"line":12},"1":{"loc":{"start":{"line":40,"column":2},"end":{"line":43,"column":3}},"type":"if","locations":[{"start":{"line":40,"column":2},"end":{"line":43,"column":3}},{"start":{},"end":{}}],"line":40},"2":{"loc":{"start":{"line":45,"column":2},"end":{"line":45,"column":38}},"type":"if","locations":[{"start":{"line":45,"column":2},"end":{"line":45,"column":38}},{"start":{},"end":{}}],"line":45},"3":{"loc":{"start":{"line":53,"column":4},"end":{"line":58,"column":5}},"type":"if","locations":[{"start":{"line":53,"column":4},"end":{"line":58,"column":5}},{"start":{"line":56,"column":11},"end":{"line":58,"column":5}}],"line":53},"4":{"loc":{"start":{"line":64,"column":2},"end":{"line":67,"column":3}},"type":"if","locations":[{"start":{"line":64,"column":2},"end":{"line":67,"column":3}},{"start":{},"end":{}}],"line":64}},"s":{"0":1,"1":1,"2":1,"3":1,"4":0,"5":0,"6":0,"7":0,"8":0,"9":0,"10":0,"11":0,"12":0,"13":0,"14":0,"15":0,"16":0,"17":0,"18":0,"19":0,"20":0},"f":{"0":0,"1":0,"2":0},"b":{"0":[1,0],"1":[0,0],"2":[0,0],"3":[0,0],"4":[0,0]},"_coverageSchema":"1a1c01bbd47fc00a2c39e90264f33305004495a9","hash":"e7983724c790e3e727d293d623e9b881b68706c3"},"C:\\Users\\Lacey\\Desktop\\Planner\\planner-prototype\\src\\app\\login.tsx":{"path":"C:\\Users\\Lacey\\Desktop\\Planner\\planner-prototype\\src\\app\\login.tsx","statementMap":{"0":{"start":{"line":16,"column":17},"end":{"line":16,"column":28}},"1":{"start":{"line":17,"column":17},"end":{"line":17,"column":36}},"2":{"start":{"line":18,"column":28},"end":{"line":18,"column":40}},"3":{"start":{"line":19,"column":34},"end":{"line":19,"column":46}},"4":{"start":{"line":20,"column":32},"end":{"line":20,"column":47}},"5":{"start":{"line":21,"column":26},"end":{"line":21,"column":53}},"6":{"start":{"line":22,"column":38},"end":{"line":22,"column":53}},"7":{"start":{"line":25,"column":4},"end":{"line":25,"column":20}},"8":{"start":{"line":26,"column":22},"end":{"line":29,"column":6}},"9":{"start":{"line":30,"column":4},"end":{"line":31,"column":28}},"10":{"start":{"line":30,"column":15},"end":{"line":30,"column":41}},"11":{"start":{"line":31,"column":10},"end":{"line":31,"column":27}},"12":{"start":{"line":32,"column":4},"end":{"line":32,"column":21}},"13":{"start":{"line":36,"column":22},"end":{"line":38,"column":6}},"14":{"start":{"line":39,"column":4},"end":{"line":42,"column":5}},"15":{"start":{"line":39,"column":16},"end":{"line":39,"column":42}},"16":{"start":{"line":41,"column":6},"end":{"line":41,"column":103}},"17":{"start":{"line":43,"column":4},"end":{"line":43,"column":24}},"18":{"start":{"line":47,"column":2},"end":{"line":164,"column":4}},"19":{"start":{"line":68,"column":18},"end":{"line":68,"column":37}},"20":{"start":{"line":79,"column":18},"end":{"line":79,"column":37}},"21":{"start":{"line":84,"column":33},"end":{"line":84,"column":52}},"22":{"start":{"line":91,"column":33},"end":{"line":91,"column":50}},"23":{"start":{"line":98,"column":33},"end":{"line":98,"column":58}},"24":{"start":{"line":103,"column":33},"end":{"line":103,"column":54}},"25":{"start":{"line":112,"column":35},"end":{"line":112,"column":57}},"26":{"start":{"line":130,"column":73},"end":{"line":130,"column":93}},"27":{"start":{"line":146,"column":18},"end":{"line":146,"column":37}},"28":{"start":{"line":153,"column":33},"end":{"line":153,"column":49}},"29":{"start":{"line":167,"column":15},"end":{"line":308,"column":4}}},"fnMap":{"0":{"name":"CalendarViewScreen","decl":{"start":{"line":15,"column":24},"end":{"line":15,"column":42}},"loc":{"start":{"line":15,"column":45},"end":{"line":165,"column":1}},"line":15},"1":{"name":"signInWithEmail","decl":{"start":{"line":24,"column":18},"end":{"line":24,"column":33}},"loc":{"start":{"line":24,"column":36},"end":{"line":33,"column":3}},"line":24},"2":{"name":"forgotPassword","decl":{"start":{"line":35,"column":17},"end":{"line":35,"column":31}},"loc":{"start":{"line":35,"column":33},"end":{"line":44,"column":3}},"line":35},"3":{"name":"(anonymous_3)","decl":{"start":{"line":67,"column":33},"end":{"line":67,"column":34}},"loc":{"start":{"line":67,"column":39},"end":{"line":69,"column":17}},"line":67},"4":{"name":"(anonymous_4)","decl":{"start":{"line":78,"column":33},"end":{"line":78,"column":34}},"loc":{"start":{"line":78,"column":39},"end":{"line":80,"column":17}},"line":78},"5":{"name":"(anonymous_5)","decl":{"start":{"line":84,"column":27},"end":{"line":84,"column":28}},"loc":{"start":{"line":84,"column":33},"end":{"line":84,"column":52}},"line":84},"6":{"name":"(anonymous_6)","decl":{"start":{"line":91,"column":27},"end":{"line":91,"column":28}},"loc":{"start":{"line":91,"column":33},"end":{"line":91,"column":50}},"line":91},"7":{"name":"(anonymous_7)","decl":{"start":{"line":98,"column":27},"end":{"line":98,"column":28}},"loc":{"start":{"line":98,"column":33},"end":{"line":98,"column":58}},"line":98},"8":{"name":"(anonymous_8)","decl":{"start":{"line":103,"column":27},"end":{"line":103,"column":28}},"loc":{"start":{"line":103,"column":33},"end":{"line":103,"column":54}},"line":103},"9":{"name":"(anonymous_9)","decl":{"start":{"line":112,"column":29},"end":{"line":112,"column":30}},"loc":{"start":{"line":112,"column":35},"end":{"line":112,"column":57}},"line":112},"10":{"name":"(anonymous_10)","decl":{"start":{"line":130,"column":67},"end":{"line":130,"column":68}},"loc":{"start":{"line":130,"column":73},"end":{"line":130,"column":93}},"line":130},"11":{"name":"(anonymous_11)","decl":{"start":{"line":145,"column":33},"end":{"line":145,"column":34}},"loc":{"start":{"line":145,"column":39},"end":{"line":147,"column":17}},"line":145},"12":{"name":"(anonymous_12)","decl":{"start":{"line":153,"column":27},"end":{"line":153,"column":28}},"loc":{"start":{"line":153,"column":33},"end":{"line":153,"column":49}},"line":153}},"branchMap":{"0":{"loc":{"start":{"line":30,"column":4},"end":{"line":31,"column":28}},"type":"if","locations":[{"start":{"line":30,"column":4},"end":{"line":31,"column":28}},{"start":{"line":31,"column":8},"end":{"line":31,"column":28}}],"line":30},"1":{"loc":{"start":{"line":39,"column":4},"end":{"line":42,"column":5}},"type":"if","locations":[{"start":{"line":39,"column":4},"end":{"line":42,"column":5}},{"start":{"line":40,"column":9},"end":{"line":42,"column":5}}],"line":39},"2":{"loc":{"start":{"line":59,"column":13},"end":{"line":121,"column":19}},"type":"cond-expr","locations":[{"start":{"line":60,"column":12},"end":{"line":117,"column":19}},{"start":{"line":119,"column":12},"end":{"line":121,"column":19}}],"line":59}},"s":{"0":9,"1":9,"2":9,"3":9,"4":9,"5":9,"6":9,"7":1,"8":1,"9":1,"10":0,"11":1,"12":1,"13":1,"14":1,"15":0,"16":1,"17":1,"18":9,"19":0,"20":0,"21":1,"22":1,"23":0,"24":0,"25":0,"26":0,"27":0,"28":1,"29":1},"f":{"0":9,"1":1,"2":1,"3":0,"4":0,"5":1,"6":1,"7":0,"8":0,"9":0,"10":0,"11":0,"12":1},"b":{"0":[0,1],"1":[0,1],"2":[8,1]},"_coverageSchema":"1a1c01bbd47fc00a2c39e90264f33305004495a9","hash":"681b01c78f62ba81bc09d0575703986e9fe1c05f"},"C:\\Users\\Lacey\\Desktop\\Planner\\planner-prototype\\src\\app\\signup.tsx":{"path":"C:\\Users\\Lacey\\Desktop\\Planner\\planner-prototype\\src\\app\\signup.tsx","statementMap":{"0":{"start":{"line":13,"column":17},"end":{"line":13,"column":28}},"1":{"start":{"line":14,"column":17},"end":{"line":14,"column":36}},"2":{"start":{"line":15,"column":34},"end":{"line":15,"column":46}},"3":{"start":{"line":16,"column":28},"end":{"line":16,"column":40}},"4":{"start":{"line":17,"column":34},"end":{"line":17,"column":46}},"5":{"start":{"line":18,"column":32},"end":{"line":18,"column":47}},"6":{"start":{"line":19,"column":48},"end":{"line":19,"column":60}},"7":{"start":{"line":23,"column":18},"end":{"line":23,"column":23}},"8":{"start":{"line":24,"column":4},"end":{"line":24,"column":27}},"9":{"start":{"line":28,"column":18},"end":{"line":28,"column":22}},"10":{"start":{"line":29,"column":4},"end":{"line":29,"column":27}},"11":{"start":{"line":33,"column":18},"end":{"line":33,"column":28}},"12":{"start":{"line":34,"column":4},"end":{"line":34,"column":27}},"13":{"start":{"line":38,"column":28},"end":{"line":38,"column":46}},"14":{"start":{"line":41,"column":2},"end":{"line":41,"column":37}},"15":{"start":{"line":44,"column":20},"end":{"line":61,"column":1}},"16":{"start":{"line":45,"column":2},"end":{"line":58,"column":3}},"17":{"start":{"line":57,"column":4},"end":{"line":57,"column":17}},"18":{"start":{"line":60,"column":2},"end":{"line":60,"column":14}},"19":{"start":{"line":64,"column":4},"end":{"line":64,"column":20}},"20":{"start":{"line":65,"column":4},"end":{"line":91,"column":5}},"21":{"start":{"line":66,"column":6},"end":{"line":66,"column":48}},"22":{"start":{"line":71,"column":10},"end":{"line":79,"column":8}},"23":{"start":{"line":80,"column":6},"end":{"line":85,"column":7}},"24":{"start":{"line":81,"column":8},"end":{"line":81,"column":35}},"25":{"start":{"line":82,"column":8},"end":{"line":82,"column":26}},"26":{"start":{"line":83,"column":8},"end":{"line":83,"column":26}},"27":{"start":{"line":84,"column":8},"end":{"line":84,"column":15}},"28":{"start":{"line":87,"column":6},"end":{"line":90,"column":7}},"29":{"start":{"line":88,"column":8},"end":{"line":88,"column":164}},"30":{"start":{"line":89,"column":8},"end":{"line":89,"column":22}},"31":{"start":{"line":92,"column":4},"end":{"line":92,"column":21}},"32":{"start":{"line":93,"column":4},"end":{"line":93,"column":28}},"33":{"start":{"line":97,"column":2},"end":{"line":195,"column":4}},"34":{"start":{"line":102,"column":71},"end":{"line":102,"column":84}},"35":{"start":{"line":169,"column":33},"end":{"line":169,"column":50}},"36":{"start":{"line":176,"column":33},"end":{"line":176,"column":54}},"37":{"start":{"line":181,"column":33},"end":{"line":181,"column":54}},"38":{"start":{"line":198,"column":15},"end":{"line":335,"column":4}}},"fnMap":{"0":{"name":"CalendarViewScreen","decl":{"start":{"line":12,"column":24},"end":{"line":12,"column":42}},"loc":{"start":{"line":12,"column":45},"end":{"line":196,"column":1}},"line":12},"1":{"name":"validEmail","decl":{"start":{"line":22,"column":11},"end":{"line":22,"column":21}},"loc":{"start":{"line":22,"column":44},"end":{"line":25,"column":3}},"line":22},"2":{"name":"hasNumber","decl":{"start":{"line":27,"column":11},"end":{"line":27,"column":20}},"loc":{"start":{"line":27,"column":43},"end":{"line":30,"column":3}},"line":27},"3":{"name":"hasLetter","decl":{"start":{"line":32,"column":11},"end":{"line":32,"column":20}},"loc":{"start":{"line":32,"column":43},"end":{"line":35,"column":3}},"line":32},"4":{"name":"hasSpecialChars","decl":{"start":{"line":37,"column":11},"end":{"line":37,"column":26}},"loc":{"start":{"line":37,"column":49},"end":{"line":42,"column":1}},"line":37},"5":{"name":"(anonymous_5)","decl":{"start":{"line":44,"column":20},"end":{"line":44,"column":21}},"loc":{"start":{"line":44,"column":26},"end":{"line":61,"column":1}},"line":44},"6":{"name":"signUpWithEmail","decl":{"start":{"line":63,"column":16},"end":{"line":63,"column":31}},"loc":{"start":{"line":63,"column":34},"end":{"line":94,"column":3}},"line":63},"7":{"name":"(anonymous_7)","decl":{"start":{"line":102,"column":65},"end":{"line":102,"column":66}},"loc":{"start":{"line":102,"column":71},"end":{"line":102,"column":84}},"line":102},"8":{"name":"(anonymous_8)","decl":{"start":{"line":169,"column":27},"end":{"line":169,"column":28}},"loc":{"start":{"line":169,"column":33},"end":{"line":169,"column":50}},"line":169},"9":{"name":"(anonymous_9)","decl":{"start":{"line":176,"column":27},"end":{"line":176,"column":28}},"loc":{"start":{"line":176,"column":33},"end":{"line":176,"column":54}},"line":176},"10":{"name":"(anonymous_10)","decl":{"start":{"line":181,"column":27},"end":{"line":181,"column":28}},"loc":{"start":{"line":181,"column":33},"end":{"line":181,"column":54}},"line":181}},"branchMap":{"0":{"loc":{"start":{"line":45,"column":2},"end":{"line":58,"column":3}},"type":"if","locations":[{"start":{"line":45,"column":2},"end":{"line":58,"column":3}},{"start":{},"end":{}}],"line":45},"1":{"loc":{"start":{"line":46,"column":4},"end":{"line":55,"column":32}},"type":"binary-expr","locations":[{"start":{"line":46,"column":4},"end":{"line":46,"column":23}},{"start":{"line":47,"column":4},"end":{"line":47,"column":24}},{"start":{"line":48,"column":4},"end":{"line":48,"column":13}},{"start":{"line":49,"column":4},"end":{"line":49,"column":22}},{"start":{"line":50,"column":4},"end":{"line":50,"column":10}},{"start":{"line":51,"column":4},"end":{"line":51,"column":24}},{"start":{"line":52,"column":4},"end":{"line":52,"column":24}},{"start":{"line":53,"column":4},"end":{"line":53,"column":30}},{"start":{"line":54,"column":4},"end":{"line":54,"column":23}},{"start":{"line":55,"column":4},"end":{"line":55,"column":32}}],"line":46},"2":{"loc":{"start":{"line":65,"column":4},"end":{"line":91,"column":5}},"type":"if","locations":[{"start":{"line":65,"column":4},"end":{"line":91,"column":5}},{"start":{"line":67,"column":11},"end":{"line":91,"column":5}}],"line":65},"3":{"loc":{"start":{"line":80,"column":6},"end":{"line":85,"column":7}},"type":"if","locations":[{"start":{"line":80,"column":6},"end":{"line":85,"column":7}},{"start":{},"end":{}}],"line":80},"4":{"loc":{"start":{"line":87,"column":6},"end":{"line":90,"column":7}},"type":"if","locations":[{"start":{"line":87,"column":6},"end":{"line":90,"column":7}},{"start":{},"end":{}}],"line":87},"5":{"loc":{"start":{"line":114,"column":13},"end":{"line":189,"column":19}},"type":"cond-expr","locations":[{"start":{"line":115,"column":12},"end":{"line":185,"column":19}},{"start":{"line":187,"column":12},"end":{"line":189,"column":19}}],"line":114},"6":{"loc":{"start":{"line":125,"column":17},"end":{"line":126,"column":88}},"type":"binary-expr","locations":[{"start":{"line":125,"column":17},"end":{"line":125,"column":36}},{"start":{"line":125,"column":40},"end":{"line":125,"column":52}},{"start":{"line":125,"column":56},"end":{"line":125,"column":76}},{"start":{"line":125,"column":80},"end":{"line":126,"column":88}}],"line":125},"7":{"loc":{"start":{"line":138,"column":17},"end":{"line":138,"column":103}},"type":"binary-expr","locations":[{"start":{"line":138,"column":17},"end":{"line":138,"column":35}},{"start":{"line":138,"column":39},"end":{"line":138,"column":49}},{"start":{"line":138,"column":53},"end":{"line":138,"column":103}}],"line":138},"8":{"loc":{"start":{"line":149,"column":17},"end":{"line":149,"column":117}},"type":"binary-expr","locations":[{"start":{"line":149,"column":17},"end":{"line":149,"column":37}},{"start":{"line":149,"column":41},"end":{"line":149,"column":54}},{"start":{"line":149,"column":57},"end":{"line":149,"column":117}}],"line":149},"9":{"loc":{"start":{"line":150,"column":17},"end":{"line":150,"column":117}},"type":"binary-expr","locations":[{"start":{"line":150,"column":17},"end":{"line":150,"column":37}},{"start":{"line":150,"column":41},"end":{"line":150,"column":54}},{"start":{"line":150,"column":57},"end":{"line":150,"column":117}}],"line":150},"10":{"loc":{"start":{"line":151,"column":17},"end":{"line":151,"column":134}},"type":"binary-expr","locations":[{"start":{"line":151,"column":17},"end":{"line":151,"column":43}},{"start":{"line":151,"column":47},"end":{"line":151,"column":60}},{"start":{"line":151,"column":63},"end":{"line":151,"column":134}}],"line":151},"11":{"loc":{"start":{"line":152,"column":18},"end":{"line":152,"column":136}},"type":"binary-expr","locations":[{"start":{"line":152,"column":18},"end":{"line":152,"column":37}},{"start":{"line":152,"column":41},"end":{"line":152,"column":54}},{"start":{"line":152,"column":57},"end":{"line":152,"column":136}}],"line":152},"12":{"loc":{"start":{"line":163,"column":17},"end":{"line":163,"column":135}},"type":"binary-expr","locations":[{"start":{"line":163,"column":17},"end":{"line":163,"column":45}},{"start":{"line":163,"column":49},"end":{"line":163,"column":69}},{"start":{"line":163,"column":72},"end":{"line":163,"column":135}}],"line":163}},"s":{"0":8,"1":8,"2":8,"3":8,"4":8,"5":8,"6":8,"7":8,"8":8,"9":8,"10":8,"11":8,"12":8,"13":8,"14":8,"15":8,"16":2,"17":1,"18":1,"19":2,"20":2,"21":1,"22":1,"23":1,"24":0,"25":0,"26":0,"27":0,"28":1,"29":1,"30":1,"31":2,"32":2,"33":8,"34":0,"35":2,"36":0,"37":0,"38":1},"f":{"0":8,"1":8,"2":8,"3":8,"4":8,"5":2,"6":2,"7":0,"8":2,"9":0,"10":0},"b":{"0":[1,1],"1":[2,1,1,1,1,1,1,1,1,1],"2":[1,1],"3":[0,1],"4":[1,0],"5":[7,1],"6":[7,2,0,0],"7":[7,3,0],"8":[7,4,0],"9":[7,4,0],"10":[7,4,0],"11":[7,4,0],"12":[7,1,0]},"_coverageSchema":"1a1c01bbd47fc00a2c39e90264f33305004495a9","hash":"9c85f44627f6653eda6cafdad1dbd6424165a046"},"C:\\Users\\Lacey\\Desktop\\Planner\\planner-prototype\\src\\app\\ResetPass.tsx":{"path":"C:\\Users\\Lacey\\Desktop\\Planner\\planner-prototype\\src\\app\\ResetPass.tsx","statementMap":{"0":{"start":{"line":13,"column":17},"end":{"line":13,"column":28}},"1":{"start":{"line":14,"column":17},"end":{"line":14,"column":36}},"2":{"start":{"line":15,"column":34},"end":{"line":15,"column":46}},"3":{"start":{"line":16,"column":28},"end":{"line":16,"column":40}},"4":{"start":{"line":17,"column":34},"end":{"line":17,"column":46}},"5":{"start":{"line":18,"column":32},"end":{"line":18,"column":47}},"6":{"start":{"line":19,"column":48},"end":{"line":19,"column":60}},"7":{"start":{"line":23,"column":18},"end":{"line":23,"column":23}},"8":{"start":{"line":24,"column":4},"end":{"line":24,"column":27}},"9":{"start":{"line":28,"column":18},"end":{"line":28,"column":22}},"10":{"start":{"line":29,"column":4},"end":{"line":29,"column":27}},"11":{"start":{"line":33,"column":18},"end":{"line":33,"column":28}},"12":{"start":{"line":34,"column":4},"end":{"line":34,"column":27}},"13":{"start":{"line":38,"column":28},"end":{"line":38,"column":46}},"14":{"start":{"line":41,"column":2},"end":{"line":41,"column":37}},"15":{"start":{"line":44,"column":20},"end":{"line":56,"column":1}},"16":{"start":{"line":45,"column":2},"end":{"line":53,"column":3}},"17":{"start":{"line":52,"column":4},"end":{"line":52,"column":17}},"18":{"start":{"line":55,"column":2},"end":{"line":55,"column":14}},"19":{"start":{"line":59,"column":4},"end":{"line":59,"column":20}},"20":{"start":{"line":60,"column":4},"end":{"line":72,"column":5}},"21":{"start":{"line":61,"column":6},"end":{"line":61,"column":37}},"22":{"start":{"line":63,"column":24},"end":{"line":65,"column":8}},"23":{"start":{"line":67,"column":6},"end":{"line":71,"column":7}},"24":{"start":{"line":68,"column":8},"end":{"line":68,"column":28}},"25":{"start":{"line":70,"column":8},"end":{"line":70,"column":34}},"26":{"start":{"line":73,"column":4},"end":{"line":73,"column":21}},"27":{"start":{"line":74,"column":4},"end":{"line":74,"column":28}},"28":{"start":{"line":78,"column":2},"end":{"line":136,"column":4}},"29":{"start":{"line":83,"column":71},"end":{"line":83,"column":84}},"30":{"start":{"line":122,"column":33},"end":{"line":122,"column":50}},"31":{"start":{"line":139,"column":15},"end":{"line":276,"column":4}}},"fnMap":{"0":{"name":"CalendarViewScreen","decl":{"start":{"line":12,"column":24},"end":{"line":12,"column":42}},"loc":{"start":{"line":12,"column":45},"end":{"line":137,"column":1}},"line":12},"1":{"name":"validEmail","decl":{"start":{"line":22,"column":11},"end":{"line":22,"column":21}},"loc":{"start":{"line":22,"column":44},"end":{"line":25,"column":3}},"line":22},"2":{"name":"hasNumber","decl":{"start":{"line":27,"column":11},"end":{"line":27,"column":20}},"loc":{"start":{"line":27,"column":43},"end":{"line":30,"column":3}},"line":27},"3":{"name":"hasLetter","decl":{"start":{"line":32,"column":11},"end":{"line":32,"column":20}},"loc":{"start":{"line":32,"column":43},"end":{"line":35,"column":3}},"line":32},"4":{"name":"hasSpecialChars","decl":{"start":{"line":37,"column":11},"end":{"line":37,"column":26}},"loc":{"start":{"line":37,"column":49},"end":{"line":42,"column":1}},"line":37},"5":{"name":"(anonymous_5)","decl":{"start":{"line":44,"column":20},"end":{"line":44,"column":21}},"loc":{"start":{"line":44,"column":26},"end":{"line":56,"column":1}},"line":44},"6":{"name":"signUpWithEmail","decl":{"start":{"line":58,"column":16},"end":{"line":58,"column":31}},"loc":{"start":{"line":58,"column":34},"end":{"line":75,"column":3}},"line":58},"7":{"name":"(anonymous_7)","decl":{"start":{"line":83,"column":65},"end":{"line":83,"column":66}},"loc":{"start":{"line":83,"column":71},"end":{"line":83,"column":84}},"line":83},"8":{"name":"(anonymous_8)","decl":{"start":{"line":122,"column":27},"end":{"line":122,"column":28}},"loc":{"start":{"line":122,"column":33},"end":{"line":122,"column":50}},"line":122}},"branchMap":{"0":{"loc":{"start":{"line":45,"column":2},"end":{"line":53,"column":3}},"type":"if","locations":[{"start":{"line":45,"column":2},"end":{"line":53,"column":3}},{"start":{},"end":{}}],"line":45},"1":{"loc":{"start":{"line":46,"column":4},"end":{"line":50,"column":32}},"type":"binary-expr","locations":[{"start":{"line":46,"column":4},"end":{"line":46,"column":24}},{"start":{"line":47,"column":4},"end":{"line":47,"column":24}},{"start":{"line":48,"column":4},"end":{"line":48,"column":30}},{"start":{"line":49,"column":4},"end":{"line":49,"column":23}},{"start":{"line":50,"column":4},"end":{"line":50,"column":32}}],"line":46},"2":{"loc":{"start":{"line":60,"column":4},"end":{"line":72,"column":5}},"type":"if","locations":[{"start":{"line":60,"column":4},"end":{"line":72,"column":5}},{"start":{"line":62,"column":11},"end":{"line":72,"column":5}}],"line":60},"3":{"loc":{"start":{"line":67,"column":6},"end":{"line":71,"column":7}},"type":"if","locations":[{"start":{"line":67,"column":6},"end":{"line":71,"column":7}},{"start":{"line":69,"column":13},"end":{"line":71,"column":7}}],"line":67},"4":{"loc":{"start":{"line":92,"column":13},"end":{"line":130,"column":19}},"type":"cond-expr","locations":[{"start":{"line":93,"column":12},"end":{"line":126,"column":19}},{"start":{"line":128,"column":12},"end":{"line":130,"column":19}}],"line":92},"5":{"loc":{"start":{"line":102,"column":17},"end":{"line":102,"column":117}},"type":"binary-expr","locations":[{"start":{"line":102,"column":17},"end":{"line":102,"column":37}},{"start":{"line":102,"column":41},"end":{"line":102,"column":54}},{"start":{"line":102,"column":57},"end":{"line":102,"column":117}}],"line":102},"6":{"loc":{"start":{"line":103,"column":17},"end":{"line":103,"column":117}},"type":"binary-expr","locations":[{"start":{"line":103,"column":17},"end":{"line":103,"column":37}},{"start":{"line":103,"column":41},"end":{"line":103,"column":54}},{"start":{"line":103,"column":57},"end":{"line":103,"column":117}}],"line":103},"7":{"loc":{"start":{"line":104,"column":17},"end":{"line":104,"column":134}},"type":"binary-expr","locations":[{"start":{"line":104,"column":17},"end":{"line":104,"column":43}},{"start":{"line":104,"column":47},"end":{"line":104,"column":60}},{"start":{"line":104,"column":63},"end":{"line":104,"column":134}}],"line":104},"8":{"loc":{"start":{"line":105,"column":18},"end":{"line":105,"column":136}},"type":"binary-expr","locations":[{"start":{"line":105,"column":18},"end":{"line":105,"column":37}},{"start":{"line":105,"column":41},"end":{"line":105,"column":54}},{"start":{"line":105,"column":57},"end":{"line":105,"column":136}}],"line":105},"9":{"loc":{"start":{"line":116,"column":17},"end":{"line":116,"column":135}},"type":"binary-expr","locations":[{"start":{"line":116,"column":17},"end":{"line":116,"column":45}},{"start":{"line":116,"column":49},"end":{"line":116,"column":69}},{"start":{"line":116,"column":72},"end":{"line":116,"column":135}}],"line":116}},"s":{"0":6,"1":6,"2":6,"3":6,"4":6,"5":6,"6":6,"7":0,"8":0,"9":7,"10":7,"11":6,"12":6,"13":6,"14":6,"15":6,"16":2,"17":1,"18":1,"19":2,"20":2,"21":1,"22":1,"23":1,"24":0,"25":1,"26":2,"27":2,"28":6,"29":0,"30":2,"31":1},"f":{"0":6,"1":0,"2":7,"3":6,"4":6,"5":2,"6":2,"7":0,"8":2},"b":{"0":[1,1],"1":[2,1,1,1,1],"2":[1,1],"3":[0,1],"4":[5,1],"5":[5,2,0],"6":[5,2,0
[...]
:{"line":109,"column":8},"end":{"line":109,"column":43}},"43":{"start":{"line":113,"column":4},"end":{"line":117,"column":6}},"44":{"start":{"line":114,"column":6},"end":{"line":116,"column":7}},"45":{"start":{"line":115,"column":8},"end":{"line":115,"column":43}},"46":{"start":{"line":120,"column":32},"end":{"line":133,"column":3}},"47":{"start":{"line":121,"column":4},"end":{"line":132,"column":15}},"48":{"start":{"line":135,"column":20},"end":{"line":164,"column":3}},"49":{"start":{"line":137,"column":4},"end":{"line":139,"column":5}},"50":{"start":{"line":138,"column":6},"end":{"line":138,"column":13}},"51":{"start":{"line":142,"column":4},"end":{"line":163,"column":5}},"52":{"start":{"line":144,"column":6},"end":{"line":160,"column":7}},"53":{"start":{"line":145,"column":29},"end":{"line":145,"column":94}},"54":{"start":{"line":146,"column":27},"end":{"line":146,"column":58}},"55":{"start":{"line":147,"column":25},"end":{"line":147,"column":50}},"56":{"start":{"line":149,"column":8},"end":{"line":149,"column":37}},"57":{"start":{"line":150,"column":8},"end":{"line":150,"column":51}},"58":{"start":{"line":152,"column":8},"end":{"line":152,"column":41}},"59":{"start":{"line":153,"column":8},"end":{"line":153,"column":33}},"60":{"start":{"line":155,"column":8},"end":{"line":155,"column":68}},"61":{"start":{"line":156,"column":8},"end":{"line":156,"column":89}},"62":{"start":{"line":158,"column":8},"end":{"line":158,"column":51}},"63":{"start":{"line":159,"column":8},"end":{"line":159,"column":56}},"64":{"start":{"line":162,"column":6},"end":{"line":162,"column":61}},"65":{"start":{"line":166,"column":25},"end":{"line":179,"column":3}},"66":{"start":{"line":167,"column":4},"end":{"line":167,"column":29}},"67":{"start":{"line":168,"column":4},"end":{"line":168,"column":49}},"68":{"start":{"line":169,"column":4},"end":{"line":169,"column":28}},"69":{"start":{"line":170,"column":4},"end":{"line":170,"column":16}},"70":{"start":{"line":172,"column":4},"end":{"line":174,"column":5}},"71":{"start":{"line":173,"column":6},"end":{"line":173,"column":44}},"72":{"start":{"line":176,"column":4},"end":{"line":178,"column":13}},"73":{"start":{"line":177,"column":6},"end":{"line":177,"column":31}},"74":{"start":{"line":181,"column":28},"end":{"line":195,"column":3}},"75":{"start":{"line":182,"column":25},"end":{"line":187,"column":5}},"76":{"start":{"line":189,"column":4},"end":{"line":194,"column":7}},"77":{"start":{"line":190,"column":6},"end":{"line":193,"column":7}},"78":{"start":{"line":191,"column":8},"end":{"line":191,"column":39}},"79":{"start":{"line":192,"column":8},"end":{"line":192,"column":73}},"80":{"start":{"line":192,"column":36},"end":{"line":192,"column":71}},"81":{"start":{"line":197,"column":22},"end":{"line":217,"column":3}},"82":{"start":{"line":199,"column":4},"end":{"line":199,"column":31}},"83":{"start":{"line":200,"column":4},"end":{"line":216,"column":5}},"84":{"start":{"line":201,"column":29},"end":{"line":201,"column":62}},"85":{"start":{"line":202,"column":6},"end":{"line":202,"column":39}},"86":{"start":{"line":203,"column":6},"end":{"line":209,"column":7}},"87":{"start":{"line":204,"column":19},"end":{"line":204,"column":136}},"88":{"start":{"line":205,"column":8},"end":{"line":205,"column":30}},"89":{"start":{"line":206,"column":8},"end":{"line":206,"column":61}},"90":{"start":{"line":208,"column":8},"end":{"line":208,"column":58}},"91":{"start":{"line":210,"column":6},"end":{"line":210,"column":35}},"92":{"start":{"line":211,"column":6},"end":{"line":211,"column":25}},"93":{"start":{"line":212,"column":6},"end":{"line":212,"column":29}},"94":{"start":{"line":214,"column":6},"end":{"line":214,"column":31}},"95":{"start":{"line":215,"column":6},"end":{"line":215,"column":29}},"96":{"start":{"line":219,"column":21},"end":{"line":228,"column":3}},"97":{"start":{"line":220,"column":4},"end":{"line":220,"column":24}},"98":{"start":{"line":221,"column":4},"end":{"line":221,"column":56}},"99":{"start":{"line":222,"column":4},"end":{"line":222,"column":27}},"100":{"start":{"line":223,"column":4},"end":{"line":223,"column":33}},"101":{"start":{"line":224,"column":4},"end":{"line":227,"column":5}},"102":{"start":{"line":225,"column":6},"end":{"line":225,"column":41}},"103":{"start":{"line":226,"column":6},"end":{"line":226,"column":30}},"104":{"start":{"line":230,"column":29},"end":{"line":249,"column":3}},"105":{"start":{"line":231,"column":4},"end":{"line":248,"column":5}},"106":{"start":{"line":232,"column":6},"end":{"line":232,"column":35}},"107":{"start":{"line":233,"column":6},"end":{"line":235,"column":7}},"108":{"start":{"line":234,"column":8},"end":{"line":234,"column":28}},"109":{"start":{"line":236,"column":6},"end":{"line":236,"column":30}},"110":{"start":{"line":239,"column":27},"end":{"line":241,"column":7}},"111":{"start":{"line":240,"column":15},"end":{"line":240,"column":38}},"112":{"start":{"line":242,"column":6},"end":{"line":246,"column":7}},"113":{"start":{"line":243,"column":8},"end":{"line":243,"column":64}},"114":{"start":{"line":244,"column":13},"end":{"line":246,"column":7}},"115":{"start":{"line":245,"column":8},"end":{"line":245,"column":49}},"116":{"start":{"line":247,"column":6},"end":{"line":247,"column":19}},"117":{"start":{"line":251,"column":18},"end":{"line":251,"column":48}},"118":{"start":{"line":252,"column":18},"end":{"line":252,"column":36}},"119":{"start":{"line":253,"column":20},"end":{"line":255,"column":15}},"120":{"start":{"line":257,"column":17},"end":{"line":443,"column":4}},"121":{"start":{"line":445,"column":2},"end":{"line":584,"column":4}},"122":{"start":{"line":539,"column":16},"end":{"line":567,"column":35}},"123":{"start":{"line":547,"column":20},"end":{"line":547,"column":47}},"124":{"start":{"line":548,"column":20},"end":{"line":548,"column":72}},"125":{"start":{"line":549,"column":20},"end":{"line":549,"column":40}},"126":{"start":{"line":550,"column":20},"end":{"line":550,"column":43}},"127":{"start":{"line":551,"column":20},"end":{"line":551,"column":49}}},"fnMap":{"0":{"name":"OneThingMode","decl":{"start":{"line":35,"column":16},"end":{"line":35,"column":28}},"loc":{"start":{"line":41,"column":22},"end":{"line":585,"column":1}},"line":41},"1":{"name":"(anonymous_1)","decl":{"start":{"line":62,"column":12},"end":{"line":62,"column":13}},"loc":{"start":{"line":62,"column":18},"end":{"line":68,"column":3}},"line":62},"2":{"name":"(anonymous_2)","decl":{"start":{"line":63,"column":11},"end":{"line":63,"column":12}},"loc":{"start":{"line":63,"column":17},"end":{"line":67,"column":5}},"line":63},"3":{"name":"(anonymous_3)","decl":{"start":{"line":71,"column":39},"end":{"line":71,"column":40}},"loc":{"start":{"line":71,"column":49},"end":{"line":75,"column":3}},"line":71},"4":{"name":"(anonymous_4)","decl":{"start":{"line":78,"column":12},"end":{"line":78,"column":13}},"loc":{"start":{"line":78,"column":18},"end":{"line":82,"column":3}},"line":78},"5":{"name":"(anonymous_5)","decl":{"start":{"line":84,"column":34},"end":{"line":84,"column":35}},"loc":{"start":{"line":84,"column":41},"end":{"line":84,"column":64}},"line":84},"6":{"name":"(anonymous_6)","decl":{"start":{"line":87,"column":12},"end":{"line":87,"column":13}},"loc":{"start":{"line":87,"column":18},"end":{"line":118,"column":3}},"line":87},"7":{"name":"(anonymous_7)","decl":{"start":{"line":89,"column":40},"end":{"line":89,"column":41}},"loc":{"start":{"line":89,"column":46},"end":{"line":106,"column":7}},"line":89},"8":{"name":"(anonymous_8)","decl":{"start":{"line":113,"column":11},"end":{"line":113,"column":12}},"loc":{"start":{"line":113,"column":17},"end":{"line":117,"column":5}},"line":113},"9":{"name":"(anonymous_9)","decl":{"start":{"line":120,"column":32},"end":{"line":120,"column":33}},"loc":{"start":{"line":120,"column":38},"end":{"line":133,"column":3}},"line":120},"10":{"name":"(anonymous_10)","decl":{"start":{"line":135,"column":20},"end":{"line":135,"column":21}},"loc":{"start":{"line":135,"column":26},"end":{"line":164,"column":3}},"line":135},"11":{"name":"(anonymous_11)","decl":{"start":{"line":166,"column":25},"end":{"line":166,"column":26}},"loc":{"start":{"line":166,"column":46},"end":{"line":179,"column":3}},"line":166},"12":{"name":"(anonymous_12)","decl":{"start":{"line":176,"column":41},"end":{"line":176,"column":42}},"loc":{"start":{"line":176,"column":47},"end":{"line":178,"column":5}},"line":176},"13":{"name":"(anonymous_13)","decl":{"start":{"line":181,"column":28},"end":{"line":181,"column":29}},"loc":{"start":{"line":181,"column":73},"end":{"line":195,"column":3}},"line":181},"14":{"name":"(anonymous_14)","decl":{"start":{"line":189,"column":25},"end":{"line":189,"column":26}},"loc":{"start":{"line":189,"column":39},"end":{"line":194,"column":5}},"line":189},"15":{"name":"(anonymous_15)","decl":{"start":{"line":192,"column":26},"end":{"line":192,"column":27}},"loc":{"start":{"line":192,"column":36},"end":{"line":192,"column":71}},"line":192},"16":{"name":"(anonymous_16)","decl":{"start":{"line":197,"column":22},"end":{"line":197,"column":23}},"loc":{"start":{"line":197,"column":34},"end":{"line":217,"column":3}},"line":197},"17":{"name":"(anonymous_17)","decl":{"start":{"line":219,"column":21},"end":{"line":219,"column":22}},"loc":{"start":{"line":219,"column":27},"end":{"line":228,"column":3}},"line":219},"18":{"name":"(anonymous_18)","decl":{"start":{"line":230,"column":29},"end":{"line":230,"column":30}},"loc":{"start":{"line":230,"column":35},"end":{"line":249,"column":3}},"line":230},"19":{"name":"(anonymous_19)","decl":{"start":{"line":240,"column":8},"end":{"line":240,"column":9}},"loc":{"start":{"line":240,"column":15},"end":{"line":240,"column":38}},"line":240},"20":{"name":"(anonymous_20)","decl":{"start":{"line":538,"column":35},"end":{"line":538,"column":36}},"loc":{"start":{"line":539,"column":16},"end":{"line":567,"column":35}},"line":539},"21":{"name":"(anonymous_21)","decl":{"start":{"line":546,"column":27},"end":{"line":546,"column":28}},"loc":{"start":{"line":546,"column":33},"end":{"line":552,"column":19}},"line":546}},"branchMap":{"0":{"loc":{"start":{"line":64,"column":6},"end":{"line":66,"column":7}},"type":"if","locations":[{"start":{"line":64,"column":6},"end":{"line":66,"column":7}},{"start":{},"end":{}}],"line":64},"1":{"loc":{"start":{"line":74,"column":11},"end":{"line":74,"column":78}},"type":"binary-expr","locations":[{"start":{"line":74,"column":11},"end":{"line":74,"column":59}},{"start":{"line":74,"column":63},"end":{"line":74,"column":78}}],"line":74},"2":{"loc":{"start":{"line":79,"column":4},"end":{"line":81,"column":5}},"type":"if","locations":[{"start":{"line":79,"column":4},"end":{"line":81,"column":5}},{"start":{},"end":{}}],"line":79},"3":{"loc":{"start":{"line":79,"column":8},"end":{"line":79,"column":53}},"type":"binary-expr","locations":[{"start":{"line":79,"column":8},"end":{"line":79,"column":23}},{"start":{"line":79,"column":27},"end":{"line":79,"column":53}}],"line":79},"4":{"loc":{"start":{"line":88,"column":4},"end":{"line":111,"column":5}},"type":"if","locations":[{"start":{"line":88,"column":4},"end":{"line":111,"column":5}},{"start":{"line":107,"column":11},"end":{"line":111,"column":5}}],"line":88},"5":{"loc":{"start":{"line":88,"column":8},"end":{"line":88,"column":38}},"type":"binary-expr","locations":[{"start":{"line":88,"column":8},"end":{"line":88,"column":17}},{"start":{"line":88,"column":21},"end":{"line":88,"column":38}}],"line":88},"6":{"loc":{"start":{"line":96,"column":25},"end":{"line":96,"column":51}},"type":"cond-expr","locations":[{"start":{"line":96,"column":40},"end":{"line":96,"column":41}},{"start":{"line":96,"column":44},"end":{"line":96,"column":51}}],"line":96},"7":{"loc":{"start":{"line":98,"column":8},"end":{"line":105,"column":9}},"type":"if","locations":[{"start":{"line":98,"column":8},"end":{"line":105,"column":9}},{"start":{},"end":{}}],"line":98},"8":{"loc":{"start":{"line":101,"column":10},"end":{"line":103,"column":11}},"type":"if","locations":[{"start":{"line":101,"column":10},"end":{"line":103,"column":11}},{"start":{},"end":{}}],"line":101},"9":{"loc":{"start":{"line":101,"column":14},"end":{"line":101,"column":59}},"type":"binary-expr","locations":[{"start":{"line":101,"column":14},"end":{"line":101,"column":38}},{"start":{"line":101,"column":42},"end":{"line":101,"column":59}}],"line":101},"10":{"loc":{"start":{"line":108,"column":6},"end":{"line":110,"column":7}},"type":"if","locations":[{"start":{"line":108,"column":6},"end":{"line":110,"column":7}},{"start":{},"end":{}}],"line":108},"11":{"loc":{"start":{"line":114,"column":6},"end":{"line":116,"column":7}},"type":"if","locations":[{"start":{"line":114,"column":6},"end":{"line":116,"column":7}},{"start":{},"end":{}}],"line":114},"12":{"loc":{"start":{"line":137,"column":4},"end":{"line":139,"column":5}},"type":"if","locations":[{"start":{"line":137,"column":4},"end":{"line":139,"column":5}},{"start":{},"end":{}}],"line":137},"13":{"loc":{"start":{"line":144,"column":6},"end":{"line":160,"column":7}},"type":"if","locations":[{"start":{"line":144,"column":6},"end":{"line":160,"column":7}},{"start":{},"end":{}}],"line":144},"14":{"loc":{"start":{"line":144,"column":10},"end":{"line":144,"column":62}},"type":"binary-expr","locations":[{"start":{"line":144,"column":10},"end":{"line":144,"column":39}},{"start":{"line":144,"column":43},"end":{"line":144,"column":62}}],"line":144},"15":{"loc":{"start":{"line":145,"column":34},"end":{"line":145,"column":91}},"type":"binary-expr","locations":[{"start":{"line":145,"column":34},"end":{"line":145,"column":53}},{"start":{"line":145,"column":57},"end":{"line":145,"column":91}}],"line":145},"16":{"loc":{"start":{"line":172,"column":4},"end":{"line":174,"column":5}},"type":"if","locations":[{"start":{"line":172,"column":4},"end":{"line":174,"column":5}},{"start":{},"end":{}}],"line":172},"17":{"loc":{"start":{"line":190,"column":6},"end":{"line":193,"column":7}},"type":"if","locations":[{"start":{"line":190,"column":6},"end":{"line":193,"column":7}},{"start":{},"end":{}}],"line":190},"18":{"loc":{"start":{"line":190,"column":10},"end":{"line":190,"column":79}},"type":"binary-expr","locations":[{"start":{"line":190,"column":10},"end":{"line":190,"column":38}},{"start":{"line":190,"column":42},"end":{"line":190,"column":79}}],"line":190},"19":{"loc":{"start":{"line":200,"column":4},"end":{"line":216,"column":5}},"type":"if","locations":[{"start":{"line":200,"column":4},"end":{"line":216,"column":5}},{"start":{"line":213,"column":11},"end":{"line":216,"column":5}}],"line":200},"20":{"loc":{"start":{"line":203,"column":6},"end":{"line":209,"column":7}},"type":"if","locations":[{"start":{"line":203,"column":6},"end":{"line":209,"column":7}},{"start":{"line":207,"column":13},"end":{"line":209,"column":7}}],"line":203},"21":{"loc":{"start":{"line":224,"column":4},"end":{"line":227,"column":5}},"type":"if","locations":[{"start":{"line":224,"column":4},"end":{"line":227,"column":5}},{"start":{},"end":{}}],"line":224},"22":{"loc":{"start":{"line":231,"column":4},"end":{"line":248,"column":5}},"type":"if","locations":[{"start":{"line":231,"column":4},"end":{"line":248,"column":5}},{"start":{},"end":{}}],"line":231},"23":{"loc":{"start":{"line":233,"column":6},"end":{"line":235,"column":7}},"type":"if","locations":[{"start":{"line":233,"column":6},"end":{"line":235,"column":7}},{"start":{},"end":{}}],"line":233},"24":{"loc":{"start":{"line":233,"column":10},"end":{"line":233,"column":55}},"type":"binary-expr","locations":[{"start":{"line":233,"column":10},"end":{"line":233,"column":34}},{"start":{"line":233,"column":38},"end":{"line":233,"column":55}}],"line":233},"25":{"loc":{"start":{"line":242,"column":6},"end":{"line":246,"column":7}},"type":"if","locations":[{"start":{"line":242,"column":6},"end":{"line":246,"column":7}},{"start":{"line":244,"column":13},"end":{"line":246,"column":7}}],"line":242},"26":{"loc":{"start":{"line":244,"column":13},"end":{"line":246,"column":7}},"type":"if","locations":[{"start":{"line":244,"column":13},"end":{"line":246,"column":7}},{"start":{},"end":{}}],"line":244},"27":{"loc":{"start":{"line":253,"column":20},"end":{"line":255,"column":15}},"type":"cond-expr","locations":[{"start":{"line":254,"column":6},"end":{"line":254,"column":66}},{"start":{"line":255,"column":6},"end":{"line":255,"column":15}}],"line":253},"28":{"loc":{"start":{"line":366,"column":13},"end":{"line":366,"column":43}},"type":"cond-expr","locations":[{"start":{"line":366,"column":22},"end":{"line":366,"column":31}},{"start":{"line":366,"column":34},"end":{"line":366,"column":43}}],"line":366},"29":{"loc":{"start":{"line":461,"column":11},"end":{"line":530,"column":11}},"type":"cond-expr","locations":[{"start":{"line":462,"column":12},"end":{"line":524,"column":19}},{"start":{"line":526,"column":12},"end":{"line":529,"column":19}}],"line":461},"30":{"loc":{"start":{"line":479,"column":17},"end":{"line":483,"column":17}},"type":"binary-expr","locations":[{"start":{"line":479,"column":17},"end":{"line":479,"column":29}},{"start":{"line":480,"column":18},"end":{"line":482,"column":25}}],"line":479},"31":{"loc":{"start":{"line":493,"column":19},"end":{"line":503,"column":19}},"type":"cond-expr","locations":[{"start":{"line":494,"column":20},"end":{"line":497,"column":23}},{"start":{"line":499,"column":20},"end":{"line":502,"column":23}}],"line":493},"32":{"loc":{"start":{"line":521,"column":47},"end":{"line":521,"column":77}},"type":"cond-expr","locations":[{"start":{"line":521,"column":56},"end":{"line":521,"column":65}},{"start":{"line":521,"column":68},"end":{"line":521,"column":77}}],"line":521},"33":{"loc":{"start":{"line":534,"column":9},"end":{"line":571,"column":9}},"type":"binary-expr","locations":[{"start":{"line":534,"column":9},"end":{"line":534,"column":35}},{"start":{"line":535,"column":10},"end":{"line":570,"column":17}}],"line":534},"34":{"loc":{"start":{"line":543,"column":20},"end":{"line":544,"column":53}},"type":"binary-expr","locations":[{"start":{"line":543,"column":20},"end":{"line":543,"column":46}},{"start":{"line":544,"column":22},"end":{"line":544,"column":53}}],"line":543},"35":{"loc":{"start":{"line":575,"column":7},"end":{"line":582,"column":7}},"type":"binary-expr","locations":[{"start":{"line":575,"column":7},"end":{"line":575,"column":21}},{"start":{"line":576,"column":8},"end":{"line":581,"column":15}}],"line":575}},"s":{"0":3,"1":3,"2":3,"3":3,"4":3,"5":3,"6":3,"7":3,"8":3,"9":3,"10":3,"11":3,"12":3,"13":3,"14":3,"15":3,"16":1,"17":1,"18":0,"19":3,"20":3,"21":3,"22":3,"23":3,"24":3,"25":1,"26":3,"27":3,"28":3,"29":2,"30":0,"31":0,"32":0,"33":0,"34":0,"35":0,"36":0,"37":0,"38":0,"39":0,"40":0,"41":2,"42":0,"43":2,"44":2,"45":0,"46":3,"47":1,"48":3,"49":0,"50":0,"51":0,"52":0,"53":0,"54":0,"55":0,"56":0,"57":0,"58":0,"59":0,"60":0,"61":0,"62":0,"63":0,"64":0,"65":3,"66":0,"67":0,"68":0,"69":0,"70":0,"71":0,"72":0,"73":0,"74":3,"75":0,"76":0,"77":0,"78":0,"79":0,"80":0,"81":3,"82":0,"83":0,"84":0,"85":0,"86":0,"87":0,"88":0,"89":0,"90":0,"91":0,"92":0,"93":0,"94":0,"95":0,"96":3,"97":1,"98":1,"99":1,"100":1,"101":1,"102":0,"103":0,"104":3,"105":1,"106":1,"107":1,"108":1,"109":1,"110":1,"111":1,"112":1,"113":0,"114":1,"115":0,"116":1,"117":3,"118":3,"119":3,"120":3,"121":3,"122":3,"123":0,"124":0,"125":0,"126":0,"127":0},"f":{"0":3,"1":1,"2":1,"3":3,"4":3,"5":3,"6":2,"7":0,"8":2,"9":1,"10":0,"11":0,"12":0,"13":0,"14":0,"15":0,"16":0,"17":1,"18":1,"19":1,"20":3,"21":0},"b":{"0":[0,1],"1":[3,3],"2":[1,2],"3":[3,1],"4":[0,2],"5":[2,0],"6":[0,0],"7":[0,0],"8":[0,0],"9":[0,0],"10":[0,2],"11":[0,2],"12":[0,0],"13":[0,0],"14":[0,0],"15":[0,0],"16":[0,0],"17":[0,0],"18":[0,0],"19":[0,0],"20":[0,0],"21":[0,1],"22":[1,0],"23":[1,0],"24":[1,1],"25":[0,1],"26":[0,1],"27":[2,1],"28":[0,3],"29":[2,1],"30":[2,0],"31":[0,2],"32":[0,2],"33":[3,3],"34":[3,2],"35":[3,0]},"_coverageSchema":"1a1c01bbd47fc00a2c39e90264f33305004495a9","hash":"1e63efc23f6944cc4abc8413e06a047991092d48"}}}
